[1.244s] Invoking command in '/home/aditya/self_driving_car_ws/src/prius_sdc_pkg': PYTHONPATH=/home/aditya/self_driving_car_ws/build/prius_sdc_pkg/prefix_override:/home/aditya/self_driving_car_ws/install/prius_sdc_pkg/lib/python3.8/site-packages:${PYTHONPATH} /usr/bin/python3 setup.py egg_info --egg-base ../../build/prius_sdc_pkg build --build-base /home/aditya/self_driving_car_ws/build/prius_sdc_pkg/build install --record /home/aditya/self_driving_car_ws/build/prius_sdc_pkg/install.log --install-scripts $base/lib/prius_sdc_pkg --single-version-externally-managed
[1.681s] running egg_info
[1.684s] writing ../../build/prius_sdc_pkg/prius_sdc_pkg.egg-info/PKG-INFO
[1.685s] writing dependency_links to ../../build/prius_sdc_pkg/prius_sdc_pkg.egg-info/dependency_links.txt
[1.685s] writing entry points to ../../build/prius_sdc_pkg/prius_sdc_pkg.egg-info/entry_points.txt
[1.687s] writing requirements to ../../build/prius_sdc_pkg/prius_sdc_pkg.egg-info/requires.txt
[1.687s] writing top-level names to ../../build/prius_sdc_pkg/prius_sdc_pkg.egg-info/top_level.txt
[1.747s] reading manifest file '../../build/prius_sdc_pkg/prius_sdc_pkg.egg-info/SOURCES.txt'
[1.749s] writing manifest file '../../build/prius_sdc_pkg/prius_sdc_pkg.egg-info/SOURCES.txt'
[1.749s] running build
[1.749s] running build_py
[1.753s] copying prius_sdc_pkg/Detection/Lanes/colour_segmentation.py -> /home/aditya/self_driving_car_ws/build/prius_sdc_pkg/build/lib/prius_sdc_pkg/Detection/Lanes
[1.753s] running install
[1.756s] running install_lib
[1.759s] copying /home/aditya/self_driving_car_ws/build/prius_sdc_pkg/build/lib/prius_sdc_pkg/Detection/Lanes/colour_segmentation.py -> /home/aditya/self_driving_car_ws/install/prius_sdc_pkg/lib/python3.8/site-packages/prius_sdc_pkg/Detection/Lanes
[1.760s] byte-compiling /home/aditya/self_driving_car_ws/install/prius_sdc_pkg/lib/python3.8/site-packages/prius_sdc_pkg/Detection/Lanes/colour_segmentation.py to colour_segmentation.cpython-38.pyc
[1.765s] running install_data
[1.768s] running install_egg_info
[1.770s] removing '/home/aditya/self_driving_car_ws/install/prius_sdc_pkg/lib/python3.8/site-packages/prius_sdc_pkg-0.0.0-py3.8.egg-info' (and everything under it)
[1.770s] Copying ../../build/prius_sdc_pkg/prius_sdc_pkg.egg-info to /home/aditya/self_driving_car_ws/install/prius_sdc_pkg/lib/python3.8/site-packages/prius_sdc_pkg-0.0.0-py3.8.egg-info
[1.771s] running install_scripts
[1.805s] Installing computer_vision_node script to /home/aditya/self_driving_car_ws/install/prius_sdc_pkg/lib/prius_sdc_pkg
[1.805s] Installing driver_node script to /home/aditya/self_driving_car_ws/install/prius_sdc_pkg/lib/prius_sdc_pkg
[1.805s] Installing recorder_node script to /home/aditya/self_driving_car_ws/install/prius_sdc_pkg/lib/prius_sdc_pkg
[1.805s] Installing spawner_node script to /home/aditya/self_driving_car_ws/install/prius_sdc_pkg/lib/prius_sdc_pkg
[1.806s] writing list of installed files to '/home/aditya/self_driving_car_ws/build/prius_sdc_pkg/install.log'
[1.863s] Invoked command in '/home/aditya/self_driving_car_ws/src/prius_sdc_pkg' returned '0': PYTHONPATH=/home/aditya/self_driving_car_ws/build/prius_sdc_pkg/prefix_override:/home/aditya/self_driving_car_ws/install/prius_sdc_pkg/lib/python3.8/site-packages:${PYTHONPATH} /usr/bin/python3 setup.py egg_info --egg-base ../../build/prius_sdc_pkg build --build-base /home/aditya/self_driving_car_ws/build/prius_sdc_pkg/build install --record /home/aditya/self_driving_car_ws/build/prius_sdc_pkg/install.log --install-scripts $base/lib/prius_sdc_pkg --single-version-externally-managed
