[0.635s] DEBUG:colcon:Command line arguments: ['/usr/bin/colcon', 'build']
[0.635s] DEBUG:colcon:Parsed command line arguments: Namespace(allow_overriding=[], ament_cmake_args=None, base_paths=['.'], build_base='build', catkin_cmake_args=None, catkin_skip_building_tests=False, cmake_args=None, cmake_clean_cache=False, cmake_clean_first=False, cmake_force_configure=False, cmake_target=None, cmake_target_skip_unavailable=False, continue_on_error=False, event_handlers=None, executor='parallel', ignore_user_meta=False, install_base='install', log_base=None, log_level=None, main=<bound method BuildVerb.main of <colcon_core.verb.build.BuildVerb object at 0x7f3af9121400>>, merge_install=False, metas=['./colcon.meta'], packages_above=None, packages_above_and_dependencies=None, packages_above_depth=None, packages_end=None, packages_ignore=None, packages_ignore_regex=None, packages_select=None, packages_select_build_failed=False, packages_select_by_dep=None, packages_select_regex=None, packages_select_test_failures=False, packages_skip=None, packages_skip_build_finished=False, packages_skip_by_dep=None, packages_skip_regex=None, packages_skip_test_passed=False, packages_skip_up_to=None, packages_start=None, packages_up_to=None, packages_up_to_regex=None, parallel_workers=8, paths=None, symlink_install=False, test_result_base=None, verb_extension=<colcon_core.verb.build.BuildVerb object at 0x7f3af9121400>, verb_name='build', verb_parser=<colcon_defaults.argument_parser.defaults.DefaultArgumentsDecorator object at 0x7f3af9121940>)
[0.787s] Level 1:colcon.colcon_core.package_discovery:discover_packages(colcon_meta) check parameters
[0.788s] Level 1:colcon.colcon_core.package_discovery:discover_packages(recursive) check parameters
[0.788s] Level 1:colcon.colcon_core.package_discovery:discover_packages(ignore) check parameters
[0.788s] Level 1:colcon.colcon_core.package_discovery:discover_packages(path) check parameters
[0.788s] Level 1:colcon.colcon_core.package_discovery:discover_packages(colcon_meta) discover
[0.789s] Level 1:colcon.colcon_core.package_discovery:discover_packages(recursive) discover
[0.790s] INFO:colcon.colcon_core.package_discovery:Crawling recursively for packages in '/home/aditya/self_driving_car_ws'
[0.790s] Level 1:colcon.colcon_core.package_identification:_identify(.) by extensions ['ignore', 'ignore_ament_install']
[0.791s] Level 1:colcon.colcon_core.package_identification:_identify(.) by extension 'ignore'
[0.791s] Level 1:colcon.colcon_core.package_identification:_identify(.) by extension 'ignore_ament_install'
[0.791s] Level 1:colcon.colcon_core.package_identification:_identify(.) by extensions ['colcon_pkg']
[0.792s] Level 1:colcon.colcon_core.package_identification:_identify(.) by extension 'colcon_pkg'
[0.792s] Level 1:colcon.colcon_core.package_identification:_identify(.) by extensions ['colcon_meta']
[0.792s] Level 1:colcon.colcon_core.package_identification:_identify(.) by extension 'colcon_meta'
[0.792s] Level 1:colcon.colcon_core.package_identification:_identify(.) by extensions ['ros']
[0.793s] Level 1:colcon.colcon_core.package_identification:_identify(.) by extension 'ros'
[0.865s] Level 1:colcon.colcon_core.package_identification:_identify(.) by extensions ['cmake', 'python']
[0.866s] Level 1:colcon.colcon_core.package_identification:_identify(.) by extension 'cmake'
[0.866s] Level 1:colcon.colcon_core.package_identification:_identify(.) by extension 'python'
[0.867s] Level 1:colcon.colcon_core.package_identification:_identify(.) by extensions ['python_setup_py']
[0.867s] Level 1:colcon.colcon_core.package_identification:_identify(.) by extension 'python_setup_py'
[0.868s] Level 1:colcon.colcon_core.package_identification:_identify(build) by extensions ['ignore', 'ignore_ament_install']
[0.869s] Level 1:colcon.colcon_core.package_identification:_identify(build) by extension 'ignore'
[0.869s] Level 1:colcon.colcon_core.package_identification:_identify(build) ignored
[0.870s] Level 1:colcon.colcon_core.package_identification:_identify(install) by extensions ['ignore', 'ignore_ament_install']
[0.870s] Level 1:colcon.colcon_core.package_identification:_identify(install) by extension 'ignore'
[0.871s] Level 1:colcon.colcon_core.package_identification:_identify(install) ignored
[0.872s] Level 1:colcon.colcon_core.package_identification:_identify(log) by extensions ['ignore', 'ignore_ament_install']
[0.872s] Level 1:colcon.colcon_core.package_identification:_identify(log) by extension 'ignore'
[0.873s] Level 1:colcon.colcon_core.package_identification:_identify(log) ignored
[0.873s] Level 1:colcon.colcon_core.package_identification:_identify(src) by extensions ['ignore', 'ignore_ament_install']
[0.873s] Level 1:colcon.colcon_core.package_identification:_identify(src) by extension 'ignore'
[0.874s] Level 1:colcon.colcon_core.package_identification:_identify(src) by extension 'ignore_ament_install'
[0.874s] Level 1:colcon.colcon_core.package_identification:_identify(src) by extensions ['colcon_pkg']
[0.874s] Level 1:colcon.colcon_core.package_identification:_identify(src) by extension 'colcon_pkg'
[0.874s] Level 1:colcon.colcon_core.package_identification:_identify(src) by extensions ['colcon_meta']
[0.874s] Level 1:colcon.colcon_core.package_identification:_identify(src) by extension 'colcon_meta'
[0.875s] Level 1:colcon.colcon_core.package_identification:_identify(src) by extensions ['ros']
[0.875s] Level 1:colcon.colcon_core.package_identification:_identify(src) by extension 'ros'
[0.875s] Level 1:colcon.colcon_core.package_identification:_identify(src) by extensions ['cmake', 'python']
[0.876s] Level 1:colcon.colcon_core.package_identification:_identify(src) by extension 'cmake'
[0.876s] Level 1:colcon.colcon_core.package_identification:_identify(src) by extension 'python'
[0.876s] Level 1:colcon.colcon_core.package_identification:_identify(src) by extensions ['python_setup_py']
[0.876s] Level 1:colcon.colcon_core.package_identification:_identify(src) by extension 'python_setup_py'
[0.877s] Level 1:colcon.colcon_core.package_identification:_identify(src/prius_sdc_pkg) by extensions ['ignore', 'ignore_ament_install']
[0.877s] Level 1:colcon.colcon_core.package_identification:_identify(src/prius_sdc_pkg) by extension 'ignore'
[0.878s] Level 1:colcon.colcon_core.package_identification:_identify(src/prius_sdc_pkg) by extension 'ignore_ament_install'
[0.878s] Level 1:colcon.colcon_core.package_identification:_identify(src/prius_sdc_pkg) by extensions ['colcon_pkg']
[0.878s] Level 1:colcon.colcon_core.package_identification:_identify(src/prius_sdc_pkg) by extension 'colcon_pkg'
[0.878s] Level 1:colcon.colcon_core.package_identification:_identify(src/prius_sdc_pkg) by extensions ['colcon_meta']
[0.878s] Level 1:colcon.colcon_core.package_identification:_identify(src/prius_sdc_pkg) by extension 'colcon_meta'
[0.879s] Level 1:colcon.colcon_core.package_identification:_identify(src/prius_sdc_pkg) by extensions ['ros']
[0.879s] Level 1:colcon.colcon_core.package_identification:_identify(src/prius_sdc_pkg) by extension 'ros'
[0.897s] DEBUG:colcon.colcon_core.package_identification:Package 'src/prius_sdc_pkg' with type 'ros.ament_python' and name 'prius_sdc_pkg'
[0.897s] Level 1:colcon.colcon_core.package_discovery:discover_packages(recursive) using defaults
[0.897s] Level 1:colcon.colcon_core.package_discovery:discover_packages(ignore) discover
[0.898s] Level 1:colcon.colcon_core.package_discovery:discover_packages(ignore) using defaults
[0.898s] Level 1:colcon.colcon_core.package_discovery:discover_packages(path) discover
[0.898s] Level 1:colcon.colcon_core.package_discovery:discover_packages(path) using defaults
[1.063s] Level 1:colcon.colcon_core.package_discovery:discover_packages(prefix_path) check parameters
[1.064s] Level 1:colcon.colcon_core.package_discovery:discover_packages(prefix_path) discover
[1.085s] DEBUG:colcon.colcon_installed_package_information.package_discovery:Found 1 installed packages in /home/aditya/self_driving_car_ws/install
[1.102s] DEBUG:colcon.colcon_installed_package_information.package_discovery:Found 263 installed packages in /opt/ros/foxy
[1.118s] Level 1:colcon.colcon_core.package_discovery:discover_packages(prefix_path) using defaults
[1.641s] Level 5:colcon.colcon_core.verb:set package 'prius_sdc_pkg' build argument 'cmake_args' from command line to 'None'
[1.641s] Level 5:colcon.colcon_core.verb:set package 'prius_sdc_pkg' build argument 'cmake_target' from command line to 'None'
[1.641s] Level 5:colcon.colcon_core.verb:set package 'prius_sdc_pkg' build argument 'cmake_target_skip_unavailable' from command line to 'False'
[1.641s] Level 5:colcon.colcon_core.verb:set package 'prius_sdc_pkg' build argument 'cmake_clean_cache' from command line to 'False'
[1.641s] Level 5:colcon.colcon_core.verb:set package 'prius_sdc_pkg' build argument 'cmake_clean_first' from command line to 'False'
[1.642s] Level 5:colcon.colcon_core.verb:set package 'prius_sdc_pkg' build argument 'cmake_force_configure' from command line to 'False'
[1.642s] Level 5:colcon.colcon_core.verb:set package 'prius_sdc_pkg' build argument 'ament_cmake_args' from command line to 'None'
[1.642s] Level 5:colcon.colcon_core.verb:set package 'prius_sdc_pkg' build argument 'catkin_cmake_args' from command line to 'None'
[1.642s] Level 5:colcon.colcon_core.verb:set package 'prius_sdc_pkg' build argument 'catkin_skip_building_tests' from command line to 'False'
[1.642s] DEBUG:colcon.colcon_core.verb:Building package 'prius_sdc_pkg' with the following arguments: {'ament_cmake_args': None, 'build_base': '/home/aditya/self_driving_car_ws/build/prius_sdc_pkg', 'catkin_cmake_args': None, 'catkin_skip_building_tests': False, 'cmake_args': None, 'cmake_clean_cache': False, 'cmake_clean_first': False, 'cmake_force_configure': False, 'cmake_target': None, 'cmake_target_skip_unavailable': False, 'install_base': '/home/aditya/self_driving_car_ws/install/prius_sdc_pkg', 'merge_install': False, 'path': '/home/aditya/self_driving_car_ws/src/prius_sdc_pkg', 'symlink_install': False, 'test_result_base': None}
[1.646s] INFO:colcon.colcon_core.executor:Executing jobs using 'parallel' executor
[1.676s] DEBUG:colcon.colcon_parallel_executor.executor.parallel:run_until_complete
[1.677s] INFO:colcon.colcon_ros.task.ament_python.build:Building ROS package in '/home/aditya/self_driving_car_ws/src/prius_sdc_pkg' with build type 'ament_python'
[1.679s] Level 1:colcon.colcon_core.shell:create_environment_hook('prius_sdc_pkg', 'ament_prefix_path')
[1.701s] INFO:colcon.colcon_core.plugin_system:Skipping extension 'colcon_core.shell.bat': Not used on non-Windows systems
[1.702s] INFO:colcon.colcon_core.shell:Creating environment hook '/home/aditya/self_driving_car_ws/install/prius_sdc_pkg/share/prius_sdc_pkg/hook/ament_prefix_path.ps1'
[1.705s] INFO:colcon.colcon_core.shell:Creating environment descriptor '/home/aditya/self_driving_car_ws/install/prius_sdc_pkg/share/prius_sdc_pkg/hook/ament_prefix_path.dsv'
[1.707s] INFO:colcon.colcon_core.shell:Creating environment hook '/home/aditya/self_driving_car_ws/install/prius_sdc_pkg/share/prius_sdc_pkg/hook/ament_prefix_path.sh'
[1.722s] INFO:colcon.colcon_core.shell:Skip shell extension 'powershell' for command environment: Not usable outside of PowerShell
[1.723s] DEBUG:colcon.colcon_core.shell:Skip shell extension 'dsv' for command environment
[3.358s] INFO:colcon.colcon_core.task.python.build:Building Python package in '/home/aditya/self_driving_car_ws/src/prius_sdc_pkg'
[3.372s] INFO:colcon.colcon_core.shell:Skip shell extension 'powershell' for command environment: Not usable outside of PowerShell
[3.372s] DEBUG:colcon.colcon_core.shell:Skip shell extension 'dsv' for command environment
[6.014s] DEBUG:colcon.colcon_core.event_handler.log_command:Invoking command in '/home/aditya/self_driving_car_ws/src/prius_sdc_pkg': PYTHONPATH=/home/aditya/self_driving_car_ws/build/prius_sdc_pkg/prefix_override:/home/aditya/self_driving_car_ws/install/prius_sdc_pkg/lib/python3.8/site-packages:${PYTHONPATH} /usr/bin/python3 setup.py egg_info --egg-base ../../build/prius_sdc_pkg build --build-base /home/aditya/self_driving_car_ws/build/prius_sdc_pkg/build install --record /home/aditya/self_driving_car_ws/build/prius_sdc_pkg/install.log --install-scripts $base/lib/prius_sdc_pkg --single-version-externally-managed
[7.790s] DEBUG:colcon.colcon_core.event_handler.log_command:Invoked command in '/home/aditya/self_driving_car_ws/src/prius_sdc_pkg' returned '0': PYTHONPATH=/home/aditya/self_driving_car_ws/build/prius_sdc_pkg/prefix_override:/home/aditya/self_driving_car_ws/install/prius_sdc_pkg/lib/python3.8/site-packages:${PYTHONPATH} /usr/bin/python3 setup.py egg_info --egg-base ../../build/prius_sdc_pkg build --build-base /home/aditya/self_driving_car_ws/build/prius_sdc_pkg/build install --record /home/aditya/self_driving_car_ws/build/prius_sdc_pkg/install.log --install-scripts $base/lib/prius_sdc_pkg --single-version-externally-managed
[7.822s] Level 1:colcon.colcon_core.environment:checking '/home/aditya/self_driving_car_ws/install/prius_sdc_pkg' for CMake module files
[7.825s] Level 1:colcon.colcon_core.environment:checking '/home/aditya/self_driving_car_ws/install/prius_sdc_pkg' for CMake config files
[7.832s] Level 1:colcon.colcon_core.environment:checking '/home/aditya/self_driving_car_ws/install/prius_sdc_pkg/lib'
[7.834s] Level 1:colcon.colcon_core.environment:checking '/home/aditya/self_driving_car_ws/install/prius_sdc_pkg/bin'
[7.834s] Level 1:colcon.colcon_core.environment:checking '/home/aditya/self_driving_car_ws/install/prius_sdc_pkg/lib/pkgconfig/prius_sdc_pkg.pc'
[7.835s] Level 1:colcon.colcon_core.environment:checking '/home/aditya/self_driving_car_ws/install/prius_sdc_pkg/lib/python3.8/site-packages'
[7.835s] Level 1:colcon.colcon_core.shell:create_environment_hook('prius_sdc_pkg', 'pythonpath')
[7.846s] INFO:colcon.colcon_core.shell:Creating environment hook '/home/aditya/self_driving_car_ws/install/prius_sdc_pkg/share/prius_sdc_pkg/hook/pythonpath.ps1'
[7.849s] INFO:colcon.colcon_core.shell:Creating environment descriptor '/home/aditya/self_driving_car_ws/install/prius_sdc_pkg/share/prius_sdc_pkg/hook/pythonpath.dsv'
[7.851s] INFO:colcon.colcon_core.shell:Creating environment hook '/home/aditya/self_driving_car_ws/install/prius_sdc_pkg/share/prius_sdc_pkg/hook/pythonpath.sh'
[7.855s] Level 1:colcon.colcon_core.environment:checking '/home/aditya/self_driving_car_ws/install/prius_sdc_pkg/bin'
[7.856s] Level 1:colcon.colcon_core.environment:create_environment_scripts_only(prius_sdc_pkg)
[7.867s] INFO:colcon.colcon_core.shell:Creating package script '/home/aditya/self_driving_car_ws/install/prius_sdc_pkg/share/prius_sdc_pkg/package.ps1'
[7.871s] INFO:colcon.colcon_core.shell:Creating package descriptor '/home/aditya/self_driving_car_ws/install/prius_sdc_pkg/share/prius_sdc_pkg/package.dsv'
[7.875s] INFO:colcon.colcon_core.shell:Creating package script '/home/aditya/self_driving_car_ws/install/prius_sdc_pkg/share/prius_sdc_pkg/package.sh'
[7.878s] INFO:colcon.colcon_core.shell:Creating package script '/home/aditya/self_driving_car_ws/install/prius_sdc_pkg/share/prius_sdc_pkg/package.bash'
[7.882s] INFO:colcon.colcon_core.shell:Creating package script '/home/aditya/self_driving_car_ws/install/prius_sdc_pkg/share/prius_sdc_pkg/package.zsh'
[7.886s] Level 1:colcon.colcon_core.environment:create_file_with_runtime_dependencies(/home/aditya/self_driving_car_ws/install/prius_sdc_pkg/share/colcon-core/packages/prius_sdc_pkg)
[7.889s] DEBUG:colcon.colcon_parallel_executor.executor.parallel:closing loop
[7.890s] DEBUG:colcon.colcon_parallel_executor.executor.parallel:loop closed
[7.891s] DEBUG:colcon.colcon_parallel_executor.executor.parallel:run_until_complete finished with '0'
[7.891s] DEBUG:colcon.colcon_core.event_reactor:joining thread
[7.932s] INFO:colcon.colcon_core.plugin_system:Skipping extension 'colcon_notification.desktop_notification.terminal_notifier': Not used on non-Darwin systems
[7.933s] INFO:colcon.colcon_core.plugin_system:Skipping extension 'colcon_notification.desktop_notification.win32': Not used on non-Windows systems
[7.933s] INFO:colcon.colcon_notification.desktop_notification:Sending desktop notification using 'notify2'
[8.040s] DEBUG:colcon.colcon_core.event_reactor:joined thread
[8.054s] INFO:colcon.colcon_core.shell:Creating prefix script '/home/aditya/self_driving_car_ws/install/local_setup.ps1'
[8.062s] INFO:colcon.colcon_core.shell:Creating prefix util module '/home/aditya/self_driving_car_ws/install/_local_setup_util_ps1.py'
[8.075s] INFO:colcon.colcon_core.shell:Creating prefix chain script '/home/aditya/self_driving_car_ws/install/setup.ps1'
[8.086s] INFO:colcon.colcon_core.shell:Creating prefix script '/home/aditya/self_driving_car_ws/install/local_setup.sh'
[8.090s] INFO:colcon.colcon_core.shell:Creating prefix util module '/home/aditya/self_driving_car_ws/install/_local_setup_util_sh.py'
[8.093s] INFO:colcon.colcon_core.shell:Creating prefix chain script '/home/aditya/self_driving_car_ws/install/setup.sh'
[8.102s] INFO:colcon.colcon_core.shell:Creating prefix script '/home/aditya/self_driving_car_ws/install/local_setup.bash'
[8.105s] INFO:colcon.colcon_core.shell:Creating prefix chain script '/home/aditya/self_driving_car_ws/install/setup.bash'
[8.112s] INFO:colcon.colcon_core.shell:Creating prefix script '/home/aditya/self_driving_car_ws/install/local_setup.zsh'
[8.116s] INFO:colcon.colcon_core.shell:Creating prefix chain script '/home/aditya/self_driving_car_ws/install/setup.zsh'
