[0.795s] DEBUG:colcon:Command line arguments: ['/usr/bin/colcon', 'list', '-p', '--base-paths', '/home/aditya/self_driving_car_ws']
[0.795s] DEBUG:colcon:Parsed command line arguments: Namespace(allow_overriding=[], base_paths=['/home/aditya/self_driving_car_ws'], build_base='build', ignore_user_meta=False, log_base=None, log_level=None, main=<bound method ListVerb.main of <colcon_package_information.verb.list.ListVerb object at 0x7fcd840c04c0>>, metas=['./colcon.meta'], names_only=False, packages_above=None, packages_above_and_dependencies=None, packages_above_depth=None, packages_end=None, packages_ignore=None, packages_ignore_regex=None, packages_select=None, packages_select_build_failed=False, packages_select_by_dep=None, packages_select_regex=None, packages_select_test_failures=False, packages_skip=None, packages_skip_build_finished=False, packages_skip_by_dep=None, packages_skip_regex=None, packages_skip_test_passed=False, packages_skip_up_to=None, packages_start=None, packages_up_to=None, packages_up_to_regex=None, paths=None, paths_only=True, topological_graph=False, topological_graph_density=False, topological_graph_dot=False, topological_graph_dot_cluster=False, topological_graph_dot_include_skipped=False, topological_graph_legend=False, topological_order=False, verb_extension=<colcon_package_information.verb.list.ListVerb object at 0x7fcd840c04c0>, verb_name='list', verb_parser=<colcon_defaults.argument_parser.defaults.DefaultArgumentsDecorator object at 0x7fcd84010370>)
[0.975s] Level 1:colcon.colcon_core.package_discovery:discover_packages(colcon_meta) check parameters
[0.976s] Level 1:colcon.colcon_core.package_discovery:discover_packages(recursive) check parameters
[0.976s] Level 1:colcon.colcon_core.package_discovery:discover_packages(ignore) check parameters
[0.976s] Level 1:colcon.colcon_core.package_discovery:discover_packages(path) check parameters
[0.977s] Level 1:colcon.colcon_core.package_discovery:discover_packages(recursive) discover
[0.977s] INFO:colcon.colcon_core.package_discovery:Crawling recursively for packages in '/home/aditya/self_driving_car_ws'
[0.978s] Level 1:colcon.colcon_core.package_identification:_identify(/home/aditya/self_driving_car_ws) by extensions ['ignore', 'ignore_ament_install']
[0.978s] Level 1:colcon.colcon_core.package_identification:_identify(/home/aditya/self_driving_car_ws) by extension 'ignore'
[0.979s] Level 1:colcon.colcon_core.package_identification:_identify(/home/aditya/self_driving_car_ws) by extension 'ignore_ament_install'
[0.979s] Level 1:colcon.colcon_core.package_identification:_identify(/home/aditya/self_driving_car_ws) by extensions ['colcon_pkg']
[0.980s] Level 1:colcon.colcon_core.package_identification:_identify(/home/aditya/self_driving_car_ws) by extension 'colcon_pkg'
[0.980s] Level 1:colcon.colcon_core.package_identification:_identify(/home/aditya/self_driving_car_ws) by extensions ['colcon_meta']
[0.980s] Level 1:colcon.colcon_core.package_identification:_identify(/home/aditya/self_driving_car_ws) by extension 'colcon_meta'
[0.981s] Level 1:colcon.colcon_core.package_identification:_identify(/home/aditya/self_driving_car_ws) by extensions ['ros']
[0.981s] Level 1:colcon.colcon_core.package_identification:_identify(/home/aditya/self_driving_car_ws) by extension 'ros'
[1.057s] Level 1:colcon.colcon_core.package_identification:_identify(/home/aditya/self_driving_car_ws) by extensions ['cmake', 'python']
[1.057s] Level 1:colcon.colcon_core.package_identification:_identify(/home/aditya/self_driving_car_ws) by extension 'cmake'
[1.058s] Level 1:colcon.colcon_core.package_identification:_identify(/home/aditya/self_driving_car_ws) by extension 'python'
[1.058s] Level 1:colcon.colcon_core.package_identification:_identify(/home/aditya/self_driving_car_ws) by extensions ['python_setup_py']
[1.058s] Level 1:colcon.colcon_core.package_identification:_identify(/home/aditya/self_driving_car_ws) by extension 'python_setup_py'
[1.059s] Level 1:colcon.colcon_core.package_identification:_identify(/home/aditya/self_driving_car_ws/build) by extensions ['ignore', 'ignore_ament_install']
[1.060s] Level 1:colcon.colcon_core.package_identification:_identify(/home/aditya/self_driving_car_ws/build) by extension 'ignore'
[1.060s] Level 1:colcon.colcon_core.package_identification:_identify(/home/aditya/self_driving_car_ws/build) ignored
[1.061s] Level 1:colcon.colcon_core.package_identification:_identify(/home/aditya/self_driving_car_ws/install) by extensions ['ignore', 'ignore_ament_install']
[1.062s] Level 1:colcon.colcon_core.package_identification:_identify(/home/aditya/self_driving_car_ws/install) by extension 'ignore'
[1.062s] Level 1:colcon.colcon_core.package_identification:_identify(/home/aditya/self_driving_car_ws/install) ignored
[1.063s] Level 1:colcon.colcon_core.package_identification:_identify(/home/aditya/self_driving_car_ws/log) by extensions ['ignore', 'ignore_ament_install']
[1.064s] Level 1:colcon.colcon_core.package_identification:_identify(/home/aditya/self_driving_car_ws/log) by extension 'ignore'
[1.064s] Level 1:colcon.colcon_core.package_identification:_identify(/home/aditya/self_driving_car_ws/log) ignored
[1.065s] Level 1:colcon.colcon_core.package_identification:_identify(/home/aditya/self_driving_car_ws/src) by extensions ['ignore', 'ignore_ament_install']
[1.065s] Level 1:colcon.colcon_core.package_identification:_identify(/home/aditya/self_driving_car_ws/src) by extension 'ignore'
[1.066s] Level 1:colcon.colcon_core.package_identification:_identify(/home/aditya/self_driving_car_ws/src) by extension 'ignore_ament_install'
[1.066s] Level 1:colcon.colcon_core.package_identification:_identify(/home/aditya/self_driving_car_ws/src) by extensions ['colcon_pkg']
[1.066s] Level 1:colcon.colcon_core.package_identification:_identify(/home/aditya/self_driving_car_ws/src) by extension 'colcon_pkg'
[1.067s] Level 1:colcon.colcon_core.package_identification:_identify(/home/aditya/self_driving_car_ws/src) by extensions ['colcon_meta']
[1.067s] Level 1:colcon.colcon_core.package_identification:_identify(/home/aditya/self_driving_car_ws/src) by extension 'colcon_meta'
[1.067s] Level 1:colcon.colcon_core.package_identification:_identify(/home/aditya/self_driving_car_ws/src) by extensions ['ros']
[1.068s] Level 1:colcon.colcon_core.package_identification:_identify(/home/aditya/self_driving_car_ws/src) by extension 'ros'
[1.068s] Level 1:colcon.colcon_core.package_identification:_identify(/home/aditya/self_driving_car_ws/src) by extensions ['cmake', 'python']
[1.069s] Level 1:colcon.colcon_core.package_identification:_identify(/home/aditya/self_driving_car_ws/src) by extension 'cmake'
[1.069s] Level 1:colcon.colcon_core.package_identification:_identify(/home/aditya/self_driving_car_ws/src) by extension 'python'
[1.069s] Level 1:colcon.colcon_core.package_identification:_identify(/home/aditya/self_driving_car_ws/src) by extensions ['python_setup_py']
[1.069s] Level 1:colcon.colcon_core.package_identification:_identify(/home/aditya/self_driving_car_ws/src) by extension 'python_setup_py'
[1.070s] Level 1:colcon.colcon_core.package_identification:_identify(/home/aditya/self_driving_car_ws/src/prius_sdc_pkg) by extensions ['ignore', 'ignore_ament_install']
[1.071s] Level 1:colcon.colcon_core.package_identification:_identify(/home/aditya/self_driving_car_ws/src/prius_sdc_pkg) by extension 'ignore'
[1.071s] Level 1:colcon.colcon_core.package_identification:_identify(/home/aditya/self_driving_car_ws/src/prius_sdc_pkg) by extension 'ignore_ament_install'
[1.072s] Level 1:colcon.colcon_core.package_identification:_identify(/home/aditya/self_driving_car_ws/src/prius_sdc_pkg) by extensions ['colcon_pkg']
[1.072s] Level 1:colcon.colcon_core.package_identification:_identify(/home/aditya/self_driving_car_ws/src/prius_sdc_pkg) by extension 'colcon_pkg'
[1.072s] Level 1:colcon.colcon_core.package_identification:_identify(/home/aditya/self_driving_car_ws/src/prius_sdc_pkg) by extensions ['colcon_meta']
[1.073s] Level 1:colcon.colcon_core.package_identification:_identify(/home/aditya/self_driving_car_ws/src/prius_sdc_pkg) by extension 'colcon_meta'
[1.073s] Level 1:colcon.colcon_core.package_identification:_identify(/home/aditya/self_driving_car_ws/src/prius_sdc_pkg) by extensions ['ros']
[1.073s] Level 1:colcon.colcon_core.package_identification:_identify(/home/aditya/self_driving_car_ws/src/prius_sdc_pkg) by extension 'ros'
[1.089s] DEBUG:colcon.colcon_core.package_identification:Package '/home/aditya/self_driving_car_ws/src/prius_sdc_pkg' with type 'ros.ament_python' and name 'prius_sdc_pkg'
[1.089s] Level 1:colcon.colcon_core.package_discovery:discover_packages(recursive) using defaults
