[2.338s] Invoking command in '/home/aditya/self_driving_car_ws/src/prius_sdc_pkg': PYTHONPATH=/home/aditya/self_driving_car_ws/build/prius_sdc_pkg/prefix_override:/home/aditya/self_driving_car_ws/install/prius_sdc_pkg/lib/python3.8/site-packages:${PYTHONPATH} /usr/bin/python3 setup.py egg_info --egg-base ../../build/prius_sdc_pkg build --build-base /home/aditya/self_driving_car_ws/build/prius_sdc_pkg/build install --record /home/aditya/self_driving_car_ws/build/prius_sdc_pkg/install.log --install-scripts $base/lib/prius_sdc_pkg --single-version-externally-managed
[2.525s] running egg_info
[2.526s] writing ../../build/prius_sdc_pkg/prius_sdc_pkg.egg-info/PKG-INFO
[2.526s] writing dependency_links to ../../build/prius_sdc_pkg/prius_sdc_pkg.egg-info/dependency_links.txt
[2.526s] writing entry points to ../../build/prius_sdc_pkg/prius_sdc_pkg.egg-info/entry_points.txt
[2.526s] writing requirements to ../../build/prius_sdc_pkg/prius_sdc_pkg.egg-info/requires.txt
[2.526s] writing top-level names to ../../build/prius_sdc_pkg/prius_sdc_pkg.egg-info/top_level.txt
[2.699s] reading manifest file '../../build/prius_sdc_pkg/prius_sdc_pkg.egg-info/SOURCES.txt'
[2.700s] writing manifest file '../../build/prius_sdc_pkg/prius_sdc_pkg.egg-info/SOURCES.txt'
[2.700s] running build
[2.700s] running build_py
[2.700s] copying prius_sdc_pkg/computer_vision_node.py -> /home/aditya/self_driving_car_ws/build/prius_sdc_pkg/build/lib/prius_sdc_pkg
[2.701s] running install
[2.702s] running install_lib
[2.703s] copying /home/aditya/self_driving_car_ws/build/prius_sdc_pkg/build/lib/prius_sdc_pkg/computer_vision_node.py -> /home/aditya/self_driving_car_ws/install/prius_sdc_pkg/lib/python3.8/site-packages/prius_sdc_pkg
[2.704s] byte-compiling /home/aditya/self_driving_car_ws/install/prius_sdc_pkg/lib/python3.8/site-packages/prius_sdc_pkg/computer_vision_node.py to computer_vision_node.cpython-38.pyc
[2.706s] running install_data
[2.706s] running install_egg_info
[2.707s] removing '/home/aditya/self_driving_car_ws/install/prius_sdc_pkg/lib/python3.8/site-packages/prius_sdc_pkg-0.0.0-py3.8.egg-info' (and everything under it)
[2.708s] Copying ../../build/prius_sdc_pkg/prius_sdc_pkg.egg-info to /home/aditya/self_driving_car_ws/install/prius_sdc_pkg/lib/python3.8/site-packages/prius_sdc_pkg-0.0.0-py3.8.egg-info
[2.708s] running install_scripts
[2.722s] Installing computer_vision_node script to /home/aditya/self_driving_car_ws/install/prius_sdc_pkg/lib/prius_sdc_pkg
[2.722s] Installing driver_node script to /home/aditya/self_driving_car_ws/install/prius_sdc_pkg/lib/prius_sdc_pkg
[2.722s] Installing recorder_node script to /home/aditya/self_driving_car_ws/install/prius_sdc_pkg/lib/prius_sdc_pkg
[2.722s] Installing spawner_node script to /home/aditya/self_driving_car_ws/install/prius_sdc_pkg/lib/prius_sdc_pkg
[2.723s] writing list of installed files to '/home/aditya/self_driving_car_ws/build/prius_sdc_pkg/install.log'
[2.739s] Invoked command in '/home/aditya/self_driving_car_ws/src/prius_sdc_pkg' returned '0': PYTHONPATH=/home/aditya/self_driving_car_ws/build/prius_sdc_pkg/prefix_override:/home/aditya/self_driving_car_ws/install/prius_sdc_pkg/lib/python3.8/site-packages:${PYTHONPATH} /usr/bin/python3 setup.py egg_info --egg-base ../../build/prius_sdc_pkg build --build-base /home/aditya/self_driving_car_ws/build/prius_sdc_pkg/build install --record /home/aditya/self_driving_car_ws/build/prius_sdc_pkg/install.log --install-scripts $base/lib/prius_sdc_pkg --single-version-externally-managed
