[0.292s] DEBUG:colcon:Command line arguments: ['/usr/bin/colcon', 'build', '--symlink-install']
[0.292s] DEBUG:colcon:Parsed command line arguments: Namespace(allow_overriding=[], ament_cmake_args=None, base_paths=['.'], build_base='build', catkin_cmake_args=None, catkin_skip_building_tests=False, cmake_args=None, cmake_clean_cache=False, cmake_clean_first=False, cmake_force_configure=False, cmake_target=None, cmake_target_skip_unavailable=False, continue_on_error=False, event_handlers=None, executor='parallel', ignore_user_meta=False, install_base='install', log_base=None, log_level=None, main=<bound method BuildVerb.main of <colcon_core.verb.build.BuildVerb object at 0x7f86174ac190>>, merge_install=False, metas=['./colcon.meta'], packages_above=None, packages_above_and_dependencies=None, packages_above_depth=None, packages_end=None, packages_ignore=None, packages_ignore_regex=None, packages_select=None, packages_select_build_failed=False, packages_select_by_dep=None, packages_select_regex=None, packages_select_test_failures=False, packages_skip=None, packages_skip_build_finished=False, packages_skip_by_dep=None, packages_skip_regex=None, packages_skip_test_passed=False, packages_skip_up_to=None, packages_start=None, packages_up_to=None, packages_up_to_regex=None, parallel_workers=8, paths=None, symlink_install=True, test_result_base=None, verb_extension=<colcon_core.verb.build.BuildVerb object at 0x7f86174ac190>, verb_name='build', verb_parser=<colcon_defaults.argument_parser.defaults.DefaultArgumentsDecorator object at 0x7f86174ac6d0>)
[0.333s] Level 1:colcon.colcon_core.package_discovery:discover_packages(colcon_meta) check parameters
[0.334s] Level 1:colcon.colcon_core.package_discovery:discover_packages(recursive) check parameters
[0.334s] Level 1:colcon.colcon_core.package_discovery:discover_packages(ignore) check parameters
[0.334s] Level 1:colcon.colcon_core.package_discovery:discover_packages(path) check parameters
[0.334s] Level 1:colcon.colcon_core.package_discovery:discover_packages(colcon_meta) discover
[0.334s] Level 1:colcon.colcon_core.package_discovery:discover_packages(recursive) discover
[0.334s] INFO:colcon.colcon_core.package_discovery:Crawling recursively for packages in '/home/aditya/self_driving_car_ws'
[0.334s] Level 1:colcon.colcon_core.package_identification:_identify(.) by extensions ['ignore', 'ignore_ament_install']
[0.334s] Level 1:colcon.colcon_core.package_identification:_identify(.) by extension 'ignore'
[0.334s] Level 1:colcon.colcon_core.package_identification:_identify(.) by extension 'ignore_ament_install'
[0.334s] Level 1:colcon.colcon_core.package_identification:_identify(.) by extensions ['colcon_pkg']
[0.334s] Level 1:colcon.colcon_core.package_identification:_identify(.) by extension 'colcon_pkg'
[0.334s] Level 1:colcon.colcon_core.package_identification:_identify(.) by extensions ['colcon_meta']
[0.334s] Level 1:colcon.colcon_core.package_identification:_identify(.) by extension 'colcon_meta'
[0.334s] Level 1:colcon.colcon_core.package_identification:_identify(.) by extensions ['ros']
[0.334s] Level 1:colcon.colcon_core.package_identification:_identify(.) by extension 'ros'
[0.359s] Level 1:colcon.colcon_core.package_identification:_identify(.) by extensions ['cmake', 'python']
[0.359s] Level 1:colcon.colcon_core.package_identification:_identify(.) by extension 'cmake'
[0.359s] Level 1:colcon.colcon_core.package_identification:_identify(.) by extension 'python'
[0.360s] Level 1:colcon.colcon_core.package_identification:_identify(.) by extensions ['python_setup_py']
[0.360s] Level 1:colcon.colcon_core.package_identification:_identify(.) by extension 'python_setup_py'
[0.360s] Level 1:colcon.colcon_core.package_identification:_identify(build) by extensions ['ignore', 'ignore_ament_install']
[0.360s] Level 1:colcon.colcon_core.package_identification:_identify(build) by extension 'ignore'
[0.360s] Level 1:colcon.colcon_core.package_identification:_identify(build) ignored
[0.360s] Level 1:colcon.colcon_core.package_identification:_identify(install) by extensions ['ignore', 'ignore_ament_install']
[0.360s] Level 1:colcon.colcon_core.package_identification:_identify(install) by extension 'ignore'
[0.360s] Level 1:colcon.colcon_core.package_identification:_identify(install) ignored
[0.360s] Level 1:colcon.colcon_core.package_identification:_identify(log) by extensions ['ignore', 'ignore_ament_install']
[0.360s] Level 1:colcon.colcon_core.package_identification:_identify(log) by extension 'ignore'
[0.360s] Level 1:colcon.colcon_core.package_identification:_identify(log) ignored
[0.361s] Level 1:colcon.colcon_core.package_identification:_identify(src) by extensions ['ignore', 'ignore_ament_install']
[0.361s] Level 1:colcon.colcon_core.package_identification:_identify(src) by extension 'ignore'
[0.361s] Level 1:colcon.colcon_core.package_identification:_identify(src) by extension 'ignore_ament_install'
[0.361s] Level 1:colcon.colcon_core.package_identification:_identify(src) by extensions ['colcon_pkg']
[0.361s] Level 1:colcon.colcon_core.package_identification:_identify(src) by extension 'colcon_pkg'
[0.361s] Level 1:colcon.colcon_core.package_identification:_identify(src) by extensions ['colcon_meta']
[0.361s] Level 1:colcon.colcon_core.package_identification:_identify(src) by extension 'colcon_meta'
[0.361s] Level 1:colcon.colcon_core.package_identification:_identify(src) by extensions ['ros']
[0.361s] Level 1:colcon.colcon_core.package_identification:_identify(src) by extension 'ros'
[0.361s] Level 1:colcon.colcon_core.package_identification:_identify(src) by extensions ['cmake', 'python']
[0.361s] Level 1:colcon.colcon_core.package_identification:_identify(src) by extension 'cmake'
[0.361s] Level 1:colcon.colcon_core.package_identification:_identify(src) by extension 'python'
[0.361s] Level 1:colcon.colcon_core.package_identification:_identify(src) by extensions ['python_setup_py']
[0.361s] Level 1:colcon.colcon_core.package_identification:_identify(src) by extension 'python_setup_py'
[0.361s] Level 1:colcon.colcon_core.package_identification:_identify(src/prius_sdc_pkg) by extensions ['ignore', 'ignore_ament_install']
[0.361s] Level 1:colcon.colcon_core.package_identification:_identify(src/prius_sdc_pkg) by extension 'ignore'
[0.361s] Level 1:colcon.colcon_core.package_identification:_identify(src/prius_sdc_pkg) by extension 'ignore_ament_install'
[0.361s] Level 1:colcon.colcon_core.package_identification:_identify(src/prius_sdc_pkg) by extensions ['colcon_pkg']
[0.361s] Level 1:colcon.colcon_core.package_identification:_identify(src/prius_sdc_pkg) by extension 'colcon_pkg'
[0.361s] Level 1:colcon.colcon_core.package_identification:_identify(src/prius_sdc_pkg) by extensions ['colcon_meta']
[0.361s] Level 1:colcon.colcon_core.package_identification:_identify(src/prius_sdc_pkg) by extension 'colcon_meta'
[0.361s] Level 1:colcon.colcon_core.package_identification:_identify(src/prius_sdc_pkg) by extensions ['ros']
[0.362s] Level 1:colcon.colcon_core.package_identification:_identify(src/prius_sdc_pkg) by extension 'ros'
[0.365s] DEBUG:colcon.colcon_core.package_identification:Package 'src/prius_sdc_pkg' with type 'ros.ament_python' and name 'prius_sdc_pkg'
[0.365s] Level 1:colcon.colcon_core.package_discovery:discover_packages(recursive) using defaults
[0.365s] Level 1:colcon.colcon_core.package_discovery:discover_packages(ignore) discover
[0.365s] Level 1:colcon.colcon_core.package_discovery:discover_packages(ignore) using defaults
[0.365s] Level 1:colcon.colcon_core.package_discovery:discover_packages(path) discover
[0.365s] Level 1:colcon.colcon_core.package_discovery:discover_packages(path) using defaults
[0.411s] Level 1:colcon.colcon_core.package_discovery:discover_packages(prefix_path) check parameters
[0.411s] Level 1:colcon.colcon_core.package_discovery:discover_packages(prefix_path) discover
[0.414s] DEBUG:colcon.colcon_installed_package_information.package_discovery:Found 1 installed packages in /home/aditya/self_driving_car_ws/install
[0.416s] DEBUG:colcon.colcon_installed_package_information.package_discovery:Found 263 installed packages in /opt/ros/foxy
[0.420s] Level 1:colcon.colcon_core.package_discovery:discover_packages(prefix_path) using defaults
[0.541s] Level 5:colcon.colcon_core.verb:set package 'prius_sdc_pkg' build argument 'cmake_args' from command line to 'None'
[0.542s] Level 5:colcon.colcon_core.verb:set package 'prius_sdc_pkg' build argument 'cmake_target' from command line to 'None'
[0.542s] Level 5:colcon.colcon_core.verb:set package 'prius_sdc_pkg' build argument 'cmake_target_skip_unavailable' from command line to 'False'
[0.542s] Level 5:colcon.colcon_core.verb:set package 'prius_sdc_pkg' build argument 'cmake_clean_cache' from command line to 'False'
[0.542s] Level 5:colcon.colcon_core.verb:set package 'prius_sdc_pkg' build argument 'cmake_clean_first' from command line to 'False'
[0.542s] Level 5:colcon.colcon_core.verb:set package 'prius_sdc_pkg' build argument 'cmake_force_configure' from command line to 'False'
[0.542s] Level 5:colcon.colcon_core.verb:set package 'prius_sdc_pkg' build argument 'ament_cmake_args' from command line to 'None'
[0.542s] Level 5:colcon.colcon_core.verb:set package 'prius_sdc_pkg' build argument 'catkin_cmake_args' from command line to 'None'
[0.542s] Level 5:colcon.colcon_core.verb:set package 'prius_sdc_pkg' build argument 'catkin_skip_building_tests' from command line to 'False'
[0.542s] DEBUG:colcon.colcon_core.verb:Building package 'prius_sdc_pkg' with the following arguments: {'ament_cmake_args': None, 'build_base': '/home/aditya/self_driving_car_ws/build/prius_sdc_pkg', 'catkin_cmake_args': None, 'catkin_skip_building_tests': False, 'cmake_args': None, 'cmake_clean_cache': False, 'cmake_clean_first': False, 'cmake_force_configure': False, 'cmake_target': None, 'cmake_target_skip_unavailable': False, 'install_base': '/home/aditya/self_driving_car_ws/install/prius_sdc_pkg', 'merge_install': False, 'path': '/home/aditya/self_driving_car_ws/src/prius_sdc_pkg', 'symlink_install': True, 'test_result_base': None}
[0.543s] INFO:colcon.colcon_core.executor:Executing jobs using 'parallel' executor
[0.553s] DEBUG:colcon.colcon_parallel_executor.executor.parallel:run_until_complete
[0.553s] INFO:colcon.colcon_ros.task.ament_python.build:Building ROS package in '/home/aditya/self_driving_car_ws/src/prius_sdc_pkg' with build type 'ament_python'
[0.554s] Level 1:colcon.colcon_core.shell:create_environment_hook('prius_sdc_pkg', 'ament_prefix_path')
[0.558s] INFO:colcon.colcon_core.plugin_system:Skipping extension 'colcon_core.shell.bat': Not used on non-Windows systems
[0.558s] INFO:colcon.colcon_core.shell:Creating environment hook '/home/aditya/self_driving_car_ws/install/prius_sdc_pkg/share/prius_sdc_pkg/hook/ament_prefix_path.ps1'
[0.558s] INFO:colcon.colcon_core.shell:Creating environment descriptor '/home/aditya/self_driving_car_ws/install/prius_sdc_pkg/share/prius_sdc_pkg/hook/ament_prefix_path.dsv'
[0.559s] INFO:colcon.colcon_core.shell:Creating environment hook '/home/aditya/self_driving_car_ws/install/prius_sdc_pkg/share/prius_sdc_pkg/hook/ament_prefix_path.sh'
[0.563s] INFO:colcon.colcon_core.shell:Skip shell extension 'powershell' for command environment: Not usable outside of PowerShell
[0.563s] DEBUG:colcon.colcon_core.shell:Skip shell extension 'dsv' for command environment
[1.282s] INFO:colcon.colcon_core.task.python.build:Building Python package in '/home/aditya/self_driving_car_ws/src/prius_sdc_pkg'
[1.296s] INFO:colcon.colcon_core.shell:Skip shell extension 'powershell' for command environment: Not usable outside of PowerShell
[1.297s] DEBUG:colcon.colcon_core.shell:Skip shell extension 'dsv' for command environment
[3.599s] DEBUG:colcon.colcon_core.task.python.build:While undoing a previous installation files outside the Python library path are being ignored: /home/aditya/self_driving_car_ws/install/prius_sdc_pkg/share/ament_index/resource_index/packages/prius_sdc_pkg
[3.600s] DEBUG:colcon.colcon_core.task.python.build:While undoing a previous installation files outside the Python library path are being ignored: /home/aditya/self_driving_car_ws/install/prius_sdc_pkg/share/prius_sdc_pkg/package.xml
[3.600s] DEBUG:colcon.colcon_core.task.python.build:While undoing a previous installation files outside the Python library path are being ignored: /home/aditya/self_driving_car_ws/install/prius_sdc_pkg/share/prius_sdc_pkg/launch/world_gazebo.launch.py
[3.600s] DEBUG:colcon.colcon_core.task.python.build:While undoing a previous installation files outside the Python library path are being ignored: /home/aditya/self_driving_car_ws/install/prius_sdc_pkg/share/prius_sdc_pkg/launch/world.launch.py
[3.600s] DEBUG:colcon.colcon_core.task.python.build:While undoing a previous installation files outside the Python library path are being ignored: /home/aditya/self_driving_car_ws/install/prius_sdc_pkg/share/prius_sdc_pkg/launch/test_laneFollow.launch.py
[3.600s] DEBUG:colcon.colcon_core.task.python.build:While undoing a previous installation files outside the Python library path are being ignored: /home/aditya/self_driving_car_ws/install/prius_sdc_pkg/lib/prius_sdc_pkg/lights_spawner.bash
[3.601s] DEBUG:colcon.colcon_core.task.python.build:While undoing a previous installation files outside the Python library path are being ignored: /home/aditya/self_driving_car_ws/install/prius_sdc_pkg/share/prius_sdc_pkg/worlds/test1.world
[3.601s] DEBUG:colcon.colcon_core.task.python.build:While undoing a previous installation files outside the Python library path are being ignored: /home/aditya/self_driving_car_ws/install/prius_sdc_pkg/share/prius_sdc_pkg/worlds/Lane_follow_test.world
[3.602s] DEBUG:colcon.colcon_core.task.python.build:While undoing a previous installation files outside the Python library path are being ignored: /home/aditya/self_driving_car_ws/install/prius_sdc_pkg/share/prius_sdc_pkg/worlds/maze_solving.world
[3.602s] DEBUG:colcon.colcon_core.task.python.build:While undoing a previous installation files outside the Python library path are being ignored: /home/aditya/self_driving_car_ws/install/prius_sdc_pkg/share/prius_sdc_pkg/worlds/self_driving_car.world
[3.603s] DEBUG:colcon.colcon_core.task.python.build:While undoing a previous installation files outside the Python library path are being ignored: /home/aditya/self_driving_car_ws/install/prius_sdc_pkg/share/prius_sdc_pkg/worlds/test.world
[3.605s] DEBUG:colcon.colcon_core.task.python.build:While undoing a previous installation files outside the Python library path are being ignored: /home/aditya/self_driving_car_ws/install/prius_sdc_pkg/lib/prius_sdc_pkg/computer_vision_node
[3.606s] DEBUG:colcon.colcon_core.task.python.build:While undoing a previous installation files outside the Python library path are being ignored: /home/aditya/self_driving_car_ws/install/prius_sdc_pkg/lib/prius_sdc_pkg/driver_node
[3.606s] DEBUG:colcon.colcon_core.task.python.build:While undoing a previous installation files outside the Python library path are being ignored: /home/aditya/self_driving_car_ws/install/prius_sdc_pkg/lib/prius_sdc_pkg/recorder_node
[3.607s] DEBUG:colcon.colcon_core.task.python.build:While undoing a previous installation files outside the Python library path are being ignored: /home/aditya/self_driving_car_ws/install/prius_sdc_pkg/lib/prius_sdc_pkg/spawner_node
[3.636s] DEBUG:colcon.colcon_core.event_handler.log_command:Invoking command in '/home/aditya/self_driving_car_ws/build/prius_sdc_pkg': PYTHONPATH=/home/aditya/self_driving_car_ws/build/prius_sdc_pkg/prefix_override:/home/aditya/self_driving_car_ws/install/prius_sdc_pkg/lib/python3.8/site-packages:${PYTHONPATH} /usr/bin/python3 setup.py develop --editable --build-directory /home/aditya/self_driving_car_ws/build/prius_sdc_pkg/build --no-deps install_data
[5.285s] Level 1:colcon.colcon_core.shell:create_environment_hook('prius_sdc_pkg', 'pythonpath_develop')
[5.300s] INFO:colcon.colcon_core.shell:Creating environment hook '/home/aditya/self_driving_car_ws/build/prius_sdc_pkg/share/prius_sdc_pkg/hook/pythonpath_develop.ps1'
[5.301s] DEBUG:colcon.colcon_core.event_handler.log_command:Invoked command in '/home/aditya/self_driving_car_ws/build/prius_sdc_pkg' returned '0': PYTHONPATH=/home/aditya/self_driving_car_ws/build/prius_sdc_pkg/prefix_override:/home/aditya/self_driving_car_ws/install/prius_sdc_pkg/lib/python3.8/site-packages:${PYTHONPATH} /usr/bin/python3 setup.py develop --editable --build-directory /home/aditya/self_driving_car_ws/build/prius_sdc_pkg/build --no-deps install_data
[5.304s] INFO:colcon.colcon_core.shell:Creating environment descriptor '/home/aditya/self_driving_car_ws/build/prius_sdc_pkg/share/prius_sdc_pkg/hook/pythonpath_develop.dsv'
[5.306s] INFO:colcon.colcon_core.shell:Creating environment hook '/home/aditya/self_driving_car_ws/build/prius_sdc_pkg/share/prius_sdc_pkg/hook/pythonpath_develop.sh'
[5.339s] Level 1:colcon.colcon_core.environment:checking '/home/aditya/self_driving_car_ws/install/prius_sdc_pkg' for CMake module files
[5.341s] Level 1:colcon.colcon_core.environment:checking '/home/aditya/self_driving_car_ws/install/prius_sdc_pkg' for CMake config files
[5.348s] Level 1:colcon.colcon_core.environment:checking '/home/aditya/self_driving_car_ws/install/prius_sdc_pkg/lib'
[5.349s] Level 1:colcon.colcon_core.environment:checking '/home/aditya/self_driving_car_ws/install/prius_sdc_pkg/bin'
[5.349s] Level 1:colcon.colcon_core.environment:checking '/home/aditya/self_driving_car_ws/install/prius_sdc_pkg/lib/pkgconfig/prius_sdc_pkg.pc'
[5.351s] Level 1:colcon.colcon_core.environment:checking '/home/aditya/self_driving_car_ws/install/prius_sdc_pkg/lib/python3.8/site-packages'
[5.351s] Level 1:colcon.colcon_core.shell:create_environment_hook('prius_sdc_pkg', 'pythonpath')
[5.358s] INFO:colcon.colcon_core.shell:Creating environment hook '/home/aditya/self_driving_car_ws/install/prius_sdc_pkg/share/prius_sdc_pkg/hook/pythonpath.ps1'
[5.361s] INFO:colcon.colcon_core.shell:Creating environment descriptor '/home/aditya/self_driving_car_ws/install/prius_sdc_pkg/share/prius_sdc_pkg/hook/pythonpath.dsv'
[5.362s] INFO:colcon.colcon_core.shell:Creating environment hook '/home/aditya/self_driving_car_ws/install/prius_sdc_pkg/share/prius_sdc_pkg/hook/pythonpath.sh'
[5.365s] Level 1:colcon.colcon_core.environment:checking '/home/aditya/self_driving_car_ws/install/prius_sdc_pkg/bin'
[5.366s] Level 1:colcon.colcon_core.environment:create_environment_scripts_only(prius_sdc_pkg)
[5.374s] INFO:colcon.colcon_core.shell:Creating package script '/home/aditya/self_driving_car_ws/install/prius_sdc_pkg/share/prius_sdc_pkg/package.ps1'
[5.378s] INFO:colcon.colcon_core.shell:Creating package descriptor '/home/aditya/self_driving_car_ws/install/prius_sdc_pkg/share/prius_sdc_pkg/package.dsv'
[5.381s] INFO:colcon.colcon_core.shell:Creating package script '/home/aditya/self_driving_car_ws/install/prius_sdc_pkg/share/prius_sdc_pkg/package.sh'
[5.385s] INFO:colcon.colcon_core.shell:Creating package script '/home/aditya/self_driving_car_ws/install/prius_sdc_pkg/share/prius_sdc_pkg/package.bash'
[5.388s] INFO:colcon.colcon_core.shell:Creating package script '/home/aditya/self_driving_car_ws/install/prius_sdc_pkg/share/prius_sdc_pkg/package.zsh'
[5.391s] Level 1:colcon.colcon_core.environment:create_file_with_runtime_dependencies(/home/aditya/self_driving_car_ws/install/prius_sdc_pkg/share/colcon-core/packages/prius_sdc_pkg)
[5.393s] DEBUG:colcon.colcon_parallel_executor.executor.parallel:closing loop
[5.396s] DEBUG:colcon.colcon_parallel_executor.executor.parallel:loop closed
[5.396s] DEBUG:colcon.colcon_parallel_executor.executor.parallel:run_until_complete finished with '0'
[5.397s] DEBUG:colcon.colcon_core.event_reactor:joining thread
[5.426s] INFO:colcon.colcon_core.plugin_system:Skipping extension 'colcon_notification.desktop_notification.terminal_notifier': Not used on non-Darwin systems
[5.426s] INFO:colcon.colcon_core.plugin_system:Skipping extension 'colcon_notification.desktop_notification.win32': Not used on non-Windows systems
[5.426s] INFO:colcon.colcon_notification.desktop_notification:Sending desktop notification using 'notify2'
[5.512s] DEBUG:colcon.colcon_core.event_reactor:joined thread
[5.524s] INFO:colcon.colcon_core.shell:Creating prefix script '/home/aditya/self_driving_car_ws/install/local_setup.ps1'
[5.530s] INFO:colcon.colcon_core.shell:Creating prefix util module '/home/aditya/self_driving_car_ws/install/_local_setup_util_ps1.py'
[5.540s] INFO:colcon.colcon_core.shell:Creating prefix chain script '/home/aditya/self_driving_car_ws/install/setup.ps1'
[5.549s] INFO:colcon.colcon_core.shell:Creating prefix script '/home/aditya/self_driving_car_ws/install/local_setup.sh'
[5.553s] INFO:colcon.colcon_core.shell:Creating prefix util module '/home/aditya/self_driving_car_ws/install/_local_setup_util_sh.py'
[5.555s] INFO:colcon.colcon_core.shell:Creating prefix chain script '/home/aditya/self_driving_car_ws/install/setup.sh'
[5.565s] INFO:colcon.colcon_core.shell:Creating prefix script '/home/aditya/self_driving_car_ws/install/local_setup.bash'
[5.569s] INFO:colcon.colcon_core.shell:Creating prefix chain script '/home/aditya/self_driving_car_ws/install/setup.bash'
[5.576s] INFO:colcon.colcon_core.shell:Creating prefix script '/home/aditya/self_driving_car_ws/install/local_setup.zsh'
[5.579s] INFO:colcon.colcon_core.shell:Creating prefix chain script '/home/aditya/self_driving_car_ws/install/setup.zsh'
