[0.537s] Invoking command in '/home/aditya/self_driving_car_ws/src/prius_sdc_pkg': PYTHONPATH=/home/aditya/self_driving_car_ws/build/prius_sdc_pkg/prefix_override:/home/aditya/self_driving_car_ws/install/prius_sdc_pkg/lib/python3.8/site-packages:${PYTHONPATH} /usr/bin/python3 setup.py egg_info --egg-base ../../build/prius_sdc_pkg build --build-base /home/aditya/self_driving_car_ws/build/prius_sdc_pkg/build install --record /home/aditya/self_driving_car_ws/build/prius_sdc_pkg/install.log --install-scripts $base/lib/prius_sdc_pkg --single-version-externally-managed
[0.719s] running egg_info
[0.719s] writing ../../build/prius_sdc_pkg/prius_sdc_pkg.egg-info/PKG-INFO
[0.720s] writing dependency_links to ../../build/prius_sdc_pkg/prius_sdc_pkg.egg-info/dependency_links.txt
[0.720s] writing entry points to ../../build/prius_sdc_pkg/prius_sdc_pkg.egg-info/entry_points.txt
[0.720s] writing requirements to ../../build/prius_sdc_pkg/prius_sdc_pkg.egg-info/requires.txt
[0.720s] writing top-level names to ../../build/prius_sdc_pkg/prius_sdc_pkg.egg-info/top_level.txt
[0.749s] reading manifest file '../../build/prius_sdc_pkg/prius_sdc_pkg.egg-info/SOURCES.txt'
[0.750s] writing manifest file '../../build/prius_sdc_pkg/prius_sdc_pkg.egg-info/SOURCES.txt'
[0.750s] running build
[0.750s] running build_py
[0.750s] copying prius_sdc_pkg/Detection/Lanes/colour_segmentation.py -> /home/aditya/self_driving_car_ws/build/prius_sdc_pkg/build/lib/prius_sdc_pkg/Detection/Lanes
[0.751s] running install
[0.751s] running install_lib
[0.753s] copying /home/aditya/self_driving_car_ws/build/prius_sdc_pkg/build/lib/prius_sdc_pkg/Detection/Lanes/colour_segmentation.py -> /home/aditya/self_driving_car_ws/install/prius_sdc_pkg/lib/python3.8/site-packages/prius_sdc_pkg/Detection/Lanes
[0.754s] byte-compiling /home/aditya/self_driving_car_ws/install/prius_sdc_pkg/lib/python3.8/site-packages/prius_sdc_pkg/Detection/Lanes/colour_segmentation.py to colour_segmentation.cpython-38.pyc
[0.755s] running install_data
[0.756s] running install_egg_info
[0.757s] removing '/home/aditya/self_driving_car_ws/install/prius_sdc_pkg/lib/python3.8/site-packages/prius_sdc_pkg-0.0.0-py3.8.egg-info' (and everything under it)
[0.757s] Copying ../../build/prius_sdc_pkg/prius_sdc_pkg.egg-info to /home/aditya/self_driving_car_ws/install/prius_sdc_pkg/lib/python3.8/site-packages/prius_sdc_pkg-0.0.0-py3.8.egg-info
[0.758s] running install_scripts
[0.772s] Installing computer_vision_node script to /home/aditya/self_driving_car_ws/install/prius_sdc_pkg/lib/prius_sdc_pkg
[0.772s] Installing driver_node script to /home/aditya/self_driving_car_ws/install/prius_sdc_pkg/lib/prius_sdc_pkg
[0.772s] Installing recorder_node script to /home/aditya/self_driving_car_ws/install/prius_sdc_pkg/lib/prius_sdc_pkg
[0.772s] Installing spawner_node script to /home/aditya/self_driving_car_ws/install/prius_sdc_pkg/lib/prius_sdc_pkg
[0.773s] writing list of installed files to '/home/aditya/self_driving_car_ws/build/prius_sdc_pkg/install.log'
[0.792s] Invoked command in '/home/aditya/self_driving_car_ws/src/prius_sdc_pkg' returned '0': PYTHONPATH=/home/aditya/self_driving_car_ws/build/prius_sdc_pkg/prefix_override:/home/aditya/self_driving_car_ws/install/prius_sdc_pkg/lib/python3.8/site-packages:${PYTHONPATH} /usr/bin/python3 setup.py egg_info --egg-base ../../build/prius_sdc_pkg build --build-base /home/aditya/self_driving_car_ws/build/prius_sdc_pkg/build install --record /home/aditya/self_driving_car_ws/build/prius_sdc_pkg/install.log --install-scripts $base/lib/prius_sdc_pkg --single-version-externally-managed
