[11.149s] DEBUG:colcon:Command line arguments: ['/usr/bin/colcon', 'build']
[11.150s] DEBUG:colcon:Parsed command line arguments: Namespace(allow_overriding=[], ament_cmake_args=None, base_paths=['.'], build_base='build', catkin_cmake_args=None, catkin_skip_building_tests=False, cmake_args=None, cmake_clean_cache=False, cmake_clean_first=False, cmake_force_configure=False, cmake_target=None, cmake_target_skip_unavailable=False, continue_on_error=False, event_handlers=None, executor='parallel', ignore_user_meta=False, install_base='install', log_base=None, log_level=None, main=<bound method BuildVerb.main of <colcon_core.verb.build.BuildVerb object at 0x7f7d4eed8160>>, merge_install=False, metas=['./colcon.meta'], packages_above=None, packages_above_and_dependencies=None, packages_above_depth=None, packages_end=None, packages_ignore=None, packages_ignore_regex=None, packages_select=None, packages_select_build_failed=False, packages_select_by_dep=None, packages_select_regex=None, packages_select_test_failures=False, packages_skip=None, packages_skip_build_finished=False, packages_skip_by_dep=None, packages_skip_regex=None, packages_skip_test_passed=False, packages_skip_up_to=None, packages_start=None, packages_up_to=None, packages_up_to_regex=None, parallel_workers=8, paths=None, symlink_install=False, test_result_base=None, verb_extension=<colcon_core.verb.build.BuildVerb object at 0x7f7d4eed8160>, verb_name='build', verb_parser=<colcon_defaults.argument_parser.defaults.DefaultArgumentsDecorator object at 0x7f7d4eed86a0>)
[12.824s] Level 1:colcon.colcon_core.package_discovery:discover_packages(colcon_meta) check parameters
[12.824s] Level 1:colcon.colcon_core.package_discovery:discover_packages(recursive) check parameters
[12.824s] Level 1:colcon.colcon_core.package_discovery:discover_packages(ignore) check parameters
[12.824s] Level 1:colcon.colcon_core.package_discovery:discover_packages(path) check parameters
[12.825s] Level 1:colcon.colcon_core.package_discovery:discover_packages(colcon_meta) discover
[12.825s] Level 1:colcon.colcon_core.package_discovery:discover_packages(recursive) discover
[12.825s] INFO:colcon.colcon_core.package_discovery:Crawling recursively for packages in '/home/aditya/self_driving_car_ws'
[12.825s] Level 1:colcon.colcon_core.package_identification:_identify(.) by extensions ['ignore', 'ignore_ament_install']
[12.825s] Level 1:colcon.colcon_core.package_identification:_identify(.) by extension 'ignore'
[12.825s] Level 1:colcon.colcon_core.package_identification:_identify(.) by extension 'ignore_ament_install'
[12.825s] Level 1:colcon.colcon_core.package_identification:_identify(.) by extensions ['colcon_pkg']
[12.825s] Level 1:colcon.colcon_core.package_identification:_identify(.) by extension 'colcon_pkg'
[12.826s] Level 1:colcon.colcon_core.package_identification:_identify(.) by extensions ['colcon_meta']
[12.826s] Level 1:colcon.colcon_core.package_identification:_identify(.) by extension 'colcon_meta'
[12.826s] Level 1:colcon.colcon_core.package_identification:_identify(.) by extensions ['ros']
[12.826s] Level 1:colcon.colcon_core.package_identification:_identify(.) by extension 'ros'
[12.951s] Level 1:colcon.colcon_core.package_identification:_identify(.) by extensions ['cmake', 'python']
[12.951s] Level 1:colcon.colcon_core.package_identification:_identify(.) by extension 'cmake'
[12.951s] Level 1:colcon.colcon_core.package_identification:_identify(.) by extension 'python'
[12.951s] Level 1:colcon.colcon_core.package_identification:_identify(.) by extensions ['python_setup_py']
[12.951s] Level 1:colcon.colcon_core.package_identification:_identify(.) by extension 'python_setup_py'
[12.952s] Level 1:colcon.colcon_core.package_identification:_identify(build) by extensions ['ignore', 'ignore_ament_install']
[12.952s] Level 1:colcon.colcon_core.package_identification:_identify(build) by extension 'ignore'
[12.952s] Level 1:colcon.colcon_core.package_identification:_identify(build) ignored
[12.952s] Level 1:colcon.colcon_core.package_identification:_identify(install) by extensions ['ignore', 'ignore_ament_install']
[12.953s] Level 1:colcon.colcon_core.package_identification:_identify(install) by extension 'ignore'
[12.953s] Level 1:colcon.colcon_core.package_identification:_identify(install) ignored
[12.953s] Level 1:colcon.colcon_core.package_identification:_identify(log) by extensions ['ignore', 'ignore_ament_install']
[12.954s] Level 1:colcon.colcon_core.package_identification:_identify(log) by extension 'ignore'
[12.954s] Level 1:colcon.colcon_core.package_identification:_identify(log) ignored
[12.954s] Level 1:colcon.colcon_core.package_identification:_identify(src) by extensions ['ignore', 'ignore_ament_install']
[12.954s] Level 1:colcon.colcon_core.package_identification:_identify(src) by extension 'ignore'
[12.955s] Level 1:colcon.colcon_core.package_identification:_identify(src) by extension 'ignore_ament_install'
[12.955s] Level 1:colcon.colcon_core.package_identification:_identify(src) by extensions ['colcon_pkg']
[12.955s] Level 1:colcon.colcon_core.package_identification:_identify(src) by extension 'colcon_pkg'
[12.955s] Level 1:colcon.colcon_core.package_identification:_identify(src) by extensions ['colcon_meta']
[12.955s] Level 1:colcon.colcon_core.package_identification:_identify(src) by extension 'colcon_meta'
[12.955s] Level 1:colcon.colcon_core.package_identification:_identify(src) by extensions ['ros']
[12.956s] Level 1:colcon.colcon_core.package_identification:_identify(src) by extension 'ros'
[12.956s] Level 1:colcon.colcon_core.package_identification:_identify(src) by extensions ['cmake', 'python']
[12.956s] Level 1:colcon.colcon_core.package_identification:_identify(src) by extension 'cmake'
[12.956s] Level 1:colcon.colcon_core.package_identification:_identify(src) by extension 'python'
[12.956s] Level 1:colcon.colcon_core.package_identification:_identify(src) by extensions ['python_setup_py']
[12.956s] Level 1:colcon.colcon_core.package_identification:_identify(src) by extension 'python_setup_py'
[12.957s] Level 1:colcon.colcon_core.package_identification:_identify(src/prius_sdc_pkg) by extensions ['ignore', 'ignore_ament_install']
[12.957s] Level 1:colcon.colcon_core.package_identification:_identify(src/prius_sdc_pkg) by extension 'ignore'
[12.957s] Level 1:colcon.colcon_core.package_identification:_identify(src/prius_sdc_pkg) by extension 'ignore_ament_install'
[12.957s] Level 1:colcon.colcon_core.package_identification:_identify(src/prius_sdc_pkg) by extensions ['colcon_pkg']
[12.958s] Level 1:colcon.colcon_core.package_identification:_identify(src/prius_sdc_pkg) by extension 'colcon_pkg'
[12.958s] Level 1:colcon.colcon_core.package_identification:_identify(src/prius_sdc_pkg) by extensions ['colcon_meta']
[12.958s] Level 1:colcon.colcon_core.package_identification:_identify(src/prius_sdc_pkg) by extension 'colcon_meta'
[12.958s] Level 1:colcon.colcon_core.package_identification:_identify(src/prius_sdc_pkg) by extensions ['ros']
[12.958s] Level 1:colcon.colcon_core.package_identification:_identify(src/prius_sdc_pkg) by extension 'ros'
[13.037s] DEBUG:colcon.colcon_core.package_identification:Package 'src/prius_sdc_pkg' with type 'ros.ament_python' and name 'prius_sdc_pkg'
[13.037s] Level 1:colcon.colcon_core.package_discovery:discover_packages(recursive) using defaults
[13.037s] Level 1:colcon.colcon_core.package_discovery:discover_packages(ignore) discover
[13.037s] Level 1:colcon.colcon_core.package_discovery:discover_packages(ignore) using defaults
[13.037s] Level 1:colcon.colcon_core.package_discovery:discover_packages(path) discover
[13.037s] Level 1:colcon.colcon_core.package_discovery:discover_packages(path) using defaults
[13.466s] Level 1:colcon.colcon_core.package_discovery:discover_packages(prefix_path) check parameters
[13.466s] Level 1:colcon.colcon_core.package_discovery:discover_packages(prefix_path) discover
[13.614s] DEBUG:colcon.colcon_installed_package_information.package_discovery:Found 1 installed packages in /home/aditya/self_driving_car_ws/install
[13.621s] DEBUG:colcon.colcon_installed_package_information.package_discovery:Found 263 installed packages in /opt/ros/foxy
[13.628s] Level 1:colcon.colcon_core.package_discovery:discover_packages(prefix_path) using defaults
[14.991s] Level 5:colcon.colcon_core.verb:set package 'prius_sdc_pkg' build argument 'cmake_args' from command line to 'None'
[14.992s] Level 5:colcon.colcon_core.verb:set package 'prius_sdc_pkg' build argument 'cmake_target' from command line to 'None'
[14.992s] Level 5:colcon.colcon_core.verb:set package 'prius_sdc_pkg' build argument 'cmake_target_skip_unavailable' from command line to 'False'
[14.992s] Level 5:colcon.colcon_core.verb:set package 'prius_sdc_pkg' build argument 'cmake_clean_cache' from command line to 'False'
[14.992s] Level 5:colcon.colcon_core.verb:set package 'prius_sdc_pkg' build argument 'cmake_clean_first' from command line to 'False'
[14.992s] Level 5:colcon.colcon_core.verb:set package 'prius_sdc_pkg' build argument 'cmake_force_configure' from command line to 'False'
[14.992s] Level 5:colcon.colcon_core.verb:set package 'prius_sdc_pkg' build argument 'ament_cmake_args' from command line to 'None'
[14.992s] Level 5:colcon.colcon_core.verb:set package 'prius_sdc_pkg' build argument 'catkin_cmake_args' from command line to 'None'
[14.992s] Level 5:colcon.colcon_core.verb:set package 'prius_sdc_pkg' build argument 'catkin_skip_building_tests' from command line to 'False'
[14.992s] DEBUG:colcon.colcon_core.verb:Building package 'prius_sdc_pkg' with the following arguments: {'ament_cmake_args': None, 'build_base': '/home/aditya/self_driving_car_ws/build/prius_sdc_pkg', 'catkin_cmake_args': None, 'catkin_skip_building_tests': False, 'cmake_args': None, 'cmake_clean_cache': False, 'cmake_clean_first': False, 'cmake_force_configure': False, 'cmake_target': None, 'cmake_target_skip_unavailable': False, 'install_base': '/home/aditya/self_driving_car_ws/install/prius_sdc_pkg', 'merge_install': False, 'path': '/home/aditya/self_driving_car_ws/src/prius_sdc_pkg', 'symlink_install': False, 'test_result_base': None}
[14.994s] INFO:colcon.colcon_core.executor:Executing jobs using 'parallel' executor
[15.005s] DEBUG:colcon.colcon_parallel_executor.executor.parallel:run_until_complete
[15.005s] INFO:colcon.colcon_ros.task.ament_python.build:Building ROS package in '/home/aditya/self_driving_car_ws/src/prius_sdc_pkg' with build type 'ament_python'
[15.005s] Level 1:colcon.colcon_core.shell:create_environment_hook('prius_sdc_pkg', 'ament_prefix_path')
[15.256s] INFO:colcon.colcon_core.plugin_system:Skipping extension 'colcon_core.shell.bat': Not used on non-Windows systems
[15.257s] INFO:colcon.colcon_core.shell:Creating environment hook '/home/aditya/self_driving_car_ws/install/prius_sdc_pkg/share/prius_sdc_pkg/hook/ament_prefix_path.ps1'
[15.297s] INFO:colcon.colcon_core.shell:Creating environment descriptor '/home/aditya/self_driving_car_ws/install/prius_sdc_pkg/share/prius_sdc_pkg/hook/ament_prefix_path.dsv'
[15.315s] INFO:colcon.colcon_core.shell:Creating environment hook '/home/aditya/self_driving_car_ws/install/prius_sdc_pkg/share/prius_sdc_pkg/hook/ament_prefix_path.sh'
[15.338s] INFO:colcon.colcon_core.shell:Skip shell extension 'powershell' for command environment: Not usable outside of PowerShell
[15.338s] DEBUG:colcon.colcon_core.shell:Skip shell extension 'dsv' for command environment
[15.828s] INFO:colcon.colcon_core.task.python.build:Building Python package in '/home/aditya/self_driving_car_ws/src/prius_sdc_pkg'
[15.837s] INFO:colcon.colcon_core.shell:Skip shell extension 'powershell' for command environment: Not usable outside of PowerShell
[15.837s] DEBUG:colcon.colcon_core.shell:Skip shell extension 'dsv' for command environment
[20.717s] DEBUG:colcon.colcon_core.event_handler.log_command:Invoking command in '/home/aditya/self_driving_car_ws/src/prius_sdc_pkg': PYTHONPATH=/home/aditya/self_driving_car_ws/build/prius_sdc_pkg/prefix_override:/home/aditya/self_driving_car_ws/install/prius_sdc_pkg/lib/python3.8/site-packages:${PYTHONPATH} /usr/bin/python3 setup.py egg_info --egg-base ../../build/prius_sdc_pkg build --build-base /home/aditya/self_driving_car_ws/build/prius_sdc_pkg/build install --record /home/aditya/self_driving_car_ws/build/prius_sdc_pkg/install.log --install-scripts $base/lib/prius_sdc_pkg --single-version-externally-managed
[21.449s] DEBUG:colcon.colcon_core.event_handler.log_command:Invoked command in '/home/aditya/self_driving_car_ws/src/prius_sdc_pkg' returned '0': PYTHONPATH=/home/aditya/self_driving_car_ws/build/prius_sdc_pkg/prefix_override:/home/aditya/self_driving_car_ws/install/prius_sdc_pkg/lib/python3.8/site-packages:${PYTHONPATH} /usr/bin/python3 setup.py egg_info --egg-base ../../build/prius_sdc_pkg build --build-base /home/aditya/self_driving_car_ws/build/prius_sdc_pkg/build install --record /home/aditya/self_driving_car_ws/build/prius_sdc_pkg/install.log --install-scripts $base/lib/prius_sdc_pkg --single-version-externally-managed
[21.757s] Level 1:colcon.colcon_core.environment:checking '/home/aditya/self_driving_car_ws/install/prius_sdc_pkg' for CMake module files
[21.757s] Level 1:colcon.colcon_core.environment:checking '/home/aditya/self_driving_car_ws/install/prius_sdc_pkg' for CMake config files
[21.759s] Level 1:colcon.colcon_core.environment:checking '/home/aditya/self_driving_car_ws/install/prius_sdc_pkg/lib'
[21.760s] Level 1:colcon.colcon_core.environment:checking '/home/aditya/self_driving_car_ws/install/prius_sdc_pkg/bin'
[21.760s] Level 1:colcon.colcon_core.environment:checking '/home/aditya/self_driving_car_ws/install/prius_sdc_pkg/lib/pkgconfig/prius_sdc_pkg.pc'
[21.760s] Level 1:colcon.colcon_core.environment:checking '/home/aditya/self_driving_car_ws/install/prius_sdc_pkg/lib/python3.8/site-packages'
[21.760s] Level 1:colcon.colcon_core.shell:create_environment_hook('prius_sdc_pkg', 'pythonpath')
[21.763s] INFO:colcon.colcon_core.shell:Creating environment hook '/home/aditya/self_driving_car_ws/install/prius_sdc_pkg/share/prius_sdc_pkg/hook/pythonpath.ps1'
[21.764s] INFO:colcon.colcon_core.shell:Creating environment descriptor '/home/aditya/self_driving_car_ws/install/prius_sdc_pkg/share/prius_sdc_pkg/hook/pythonpath.dsv'
[21.765s] INFO:colcon.colcon_core.shell:Creating environment hook '/home/aditya/self_driving_car_ws/install/prius_sdc_pkg/share/prius_sdc_pkg/hook/pythonpath.sh'
[21.766s] Level 1:colcon.colcon_core.environment:checking '/home/aditya/self_driving_car_ws/install/prius_sdc_pkg/bin'
[21.766s] Level 1:colcon.colcon_core.environment:create_environment_scripts_only(prius_sdc_pkg)
[21.769s] INFO:colcon.colcon_core.shell:Creating package script '/home/aditya/self_driving_car_ws/install/prius_sdc_pkg/share/prius_sdc_pkg/package.ps1'
[21.785s] INFO:colcon.colcon_core.shell:Creating package descriptor '/home/aditya/self_driving_car_ws/install/prius_sdc_pkg/share/prius_sdc_pkg/package.dsv'
[21.792s] INFO:colcon.colcon_core.shell:Creating package script '/home/aditya/self_driving_car_ws/install/prius_sdc_pkg/share/prius_sdc_pkg/package.sh'
[21.793s] INFO:colcon.colcon_core.shell:Creating package script '/home/aditya/self_driving_car_ws/install/prius_sdc_pkg/share/prius_sdc_pkg/package.bash'
[21.817s] INFO:colcon.colcon_core.shell:Creating package script '/home/aditya/self_driving_car_ws/install/prius_sdc_pkg/share/prius_sdc_pkg/package.zsh'
[21.850s] Level 1:colcon.colcon_core.environment:create_file_with_runtime_dependencies(/home/aditya/self_driving_car_ws/install/prius_sdc_pkg/share/colcon-core/packages/prius_sdc_pkg)
[21.850s] DEBUG:colcon.colcon_parallel_executor.executor.parallel:closing loop
[21.851s] DEBUG:colcon.colcon_parallel_executor.executor.parallel:loop closed
[21.852s] DEBUG:colcon.colcon_parallel_executor.executor.parallel:run_until_complete finished with '0'
[21.852s] DEBUG:colcon.colcon_core.event_reactor:joining thread
[21.928s] INFO:colcon.colcon_core.plugin_system:Skipping extension 'colcon_notification.desktop_notification.terminal_notifier': Not used on non-Darwin systems
[21.928s] INFO:colcon.colcon_core.plugin_system:Skipping extension 'colcon_notification.desktop_notification.win32': Not used on non-Windows systems
[21.928s] INFO:colcon.colcon_notification.desktop_notification:Sending desktop notification using 'notify2'
[21.952s] DEBUG:colcon.colcon_core.event_reactor:joined thread
[21.957s] INFO:colcon.colcon_core.shell:Creating prefix script '/home/aditya/self_driving_car_ws/install/local_setup.ps1'
[21.969s] INFO:colcon.colcon_core.shell:Creating prefix util module '/home/aditya/self_driving_car_ws/install/_local_setup_util_ps1.py'
[22.030s] INFO:colcon.colcon_core.shell:Creating prefix chain script '/home/aditya/self_driving_car_ws/install/setup.ps1'
[22.042s] INFO:colcon.colcon_core.shell:Creating prefix script '/home/aditya/self_driving_car_ws/install/local_setup.sh'
[22.053s] INFO:colcon.colcon_core.shell:Creating prefix util module '/home/aditya/self_driving_car_ws/install/_local_setup_util_sh.py'
[22.055s] INFO:colcon.colcon_core.shell:Creating prefix chain script '/home/aditya/self_driving_car_ws/install/setup.sh'
[22.063s] INFO:colcon.colcon_core.shell:Creating prefix script '/home/aditya/self_driving_car_ws/install/local_setup.bash'
[22.069s] INFO:colcon.colcon_core.shell:Creating prefix chain script '/home/aditya/self_driving_car_ws/install/setup.bash'
[22.131s] INFO:colcon.colcon_core.shell:Creating prefix script '/home/aditya/self_driving_car_ws/install/local_setup.zsh'
[22.142s] INFO:colcon.colcon_core.shell:Creating prefix chain script '/home/aditya/self_driving_car_ws/install/setup.zsh'
