[0.568s] DEBUG:colcon:Command line arguments: ['/usr/bin/colcon', 'build']
[0.568s] DEBUG:colcon:Parsed command line arguments: Namespace(allow_overriding=[], ament_cmake_args=None, base_paths=['.'], build_base='build', catkin_cmake_args=None, catkin_skip_building_tests=False, cmake_args=None, cmake_clean_cache=False, cmake_clean_first=False, cmake_force_configure=False, cmake_target=None, cmake_target_skip_unavailable=False, continue_on_error=False, event_handlers=None, executor='parallel', ignore_user_meta=False, install_base='install', log_base=None, log_level=None, main=<bound method BuildVerb.main of <colcon_core.verb.build.BuildVerb object at 0x7f29952dd3d0>>, merge_install=False, metas=['./colcon.meta'], packages_above=None, packages_above_and_dependencies=None, packages_above_depth=None, packages_end=None, packages_ignore=None, packages_ignore_regex=None, packages_select=None, packages_select_build_failed=False, packages_select_by_dep=None, packages_select_regex=None, packages_select_test_failures=False, packages_skip=None, packages_skip_build_finished=False, packages_skip_by_dep=None, packages_skip_regex=None, packages_skip_test_passed=False, packages_skip_up_to=None, packages_start=None, packages_up_to=None, packages_up_to_regex=None, parallel_workers=8, paths=None, symlink_install=False, test_result_base=None, verb_extension=<colcon_core.verb.build.BuildVerb object at 0x7f29952dd3d0>, verb_name='build', verb_parser=<colcon_defaults.argument_parser.defaults.DefaultArgumentsDecorator object at 0x7f29952dd910>)
[0.976s] Level 1:colcon.colcon_core.package_discovery:discover_packages(colcon_meta) check parameters
[0.977s] Level 1:colcon.colcon_core.package_discovery:discover_packages(recursive) check parameters
[0.977s] Level 1:colcon.colcon_core.package_discovery:discover_packages(ignore) check parameters
[0.977s] Level 1:colcon.colcon_core.package_discovery:discover_packages(path) check parameters
[0.977s] Level 1:colcon.colcon_core.package_discovery:discover_packages(colcon_meta) discover
[0.978s] Level 1:colcon.colcon_core.package_discovery:discover_packages(recursive) discover
[0.978s] INFO:colcon.colcon_core.package_discovery:Crawling recursively for packages in '/home/aditya/self_driving_car_ws'
[0.978s] Level 1:colcon.colcon_core.package_identification:_identify(.) by extensions ['ignore', 'ignore_ament_install']
[0.979s] Level 1:colcon.colcon_core.package_identification:_identify(.) by extension 'ignore'
[0.979s] Level 1:colcon.colcon_core.package_identification:_identify(.) by extension 'ignore_ament_install'
[0.979s] Level 1:colcon.colcon_core.package_identification:_identify(.) by extensions ['colcon_pkg']
[0.979s] Level 1:colcon.colcon_core.package_identification:_identify(.) by extension 'colcon_pkg'
[0.979s] Level 1:colcon.colcon_core.package_identification:_identify(.) by extensions ['colcon_meta']
[0.980s] Level 1:colcon.colcon_core.package_identification:_identify(.) by extension 'colcon_meta'
[0.980s] Level 1:colcon.colcon_core.package_identification:_identify(.) by extensions ['ros']
[0.980s] Level 1:colcon.colcon_core.package_identification:_identify(.) by extension 'ros'
[1.062s] Level 1:colcon.colcon_core.package_identification:_identify(.) by extensions ['cmake', 'python']
[1.062s] Level 1:colcon.colcon_core.package_identification:_identify(.) by extension 'cmake'
[1.063s] Level 1:colcon.colcon_core.package_identification:_identify(.) by extension 'python'
[1.063s] Level 1:colcon.colcon_core.package_identification:_identify(.) by extensions ['python_setup_py']
[1.063s] Level 1:colcon.colcon_core.package_identification:_identify(.) by extension 'python_setup_py'
[1.063s] Level 1:colcon.colcon_core.package_identification:_identify(build) by extensions ['ignore', 'ignore_ament_install']
[1.064s] Level 1:colcon.colcon_core.package_identification:_identify(build) by extension 'ignore'
[1.064s] Level 1:colcon.colcon_core.package_identification:_identify(build) ignored
[1.064s] Level 1:colcon.colcon_core.package_identification:_identify(install) by extensions ['ignore', 'ignore_ament_install']
[1.065s] Level 1:colcon.colcon_core.package_identification:_identify(install) by extension 'ignore'
[1.065s] Level 1:colcon.colcon_core.package_identification:_identify(install) ignored
[1.066s] Level 1:colcon.colcon_core.package_identification:_identify(log) by extensions ['ignore', 'ignore_ament_install']
[1.066s] Level 1:colcon.colcon_core.package_identification:_identify(log) by extension 'ignore'
[1.066s] Level 1:colcon.colcon_core.package_identification:_identify(log) ignored
[1.066s] Level 1:colcon.colcon_core.package_identification:_identify(src) by extensions ['ignore', 'ignore_ament_install']
[1.066s] Level 1:colcon.colcon_core.package_identification:_identify(src) by extension 'ignore'
[1.067s] Level 1:colcon.colcon_core.package_identification:_identify(src) by extension 'ignore_ament_install'
[1.067s] Level 1:colcon.colcon_core.package_identification:_identify(src) by extensions ['colcon_pkg']
[1.067s] Level 1:colcon.colcon_core.package_identification:_identify(src) by extension 'colcon_pkg'
[1.067s] Level 1:colcon.colcon_core.package_identification:_identify(src) by extensions ['colcon_meta']
[1.067s] Level 1:colcon.colcon_core.package_identification:_identify(src) by extension 'colcon_meta'
[1.067s] Level 1:colcon.colcon_core.package_identification:_identify(src) by extensions ['ros']
[1.067s] Level 1:colcon.colcon_core.package_identification:_identify(src) by extension 'ros'
[1.068s] Level 1:colcon.colcon_core.package_identification:_identify(src) by extensions ['cmake', 'python']
[1.068s] Level 1:colcon.colcon_core.package_identification:_identify(src) by extension 'cmake'
[1.068s] Level 1:colcon.colcon_core.package_identification:_identify(src) by extension 'python'
[1.068s] Level 1:colcon.colcon_core.package_identification:_identify(src) by extensions ['python_setup_py']
[1.068s] Level 1:colcon.colcon_core.package_identification:_identify(src) by extension 'python_setup_py'
[1.068s] Level 1:colcon.colcon_core.package_identification:_identify(src/prius_sdc_pkg) by extensions ['ignore', 'ignore_ament_install']
[1.068s] Level 1:colcon.colcon_core.package_identification:_identify(src/prius_sdc_pkg) by extension 'ignore'
[1.069s] Level 1:colcon.colcon_core.package_identification:_identify(src/prius_sdc_pkg) by extension 'ignore_ament_install'
[1.069s] Level 1:colcon.colcon_core.package_identification:_identify(src/prius_sdc_pkg) by extensions ['colcon_pkg']
[1.069s] Level 1:colcon.colcon_core.package_identification:_identify(src/prius_sdc_pkg) by extension 'colcon_pkg'
[1.069s] Level 1:colcon.colcon_core.package_identification:_identify(src/prius_sdc_pkg) by extensions ['colcon_meta']
[1.069s] Level 1:colcon.colcon_core.package_identification:_identify(src/prius_sdc_pkg) by extension 'colcon_meta'
[1.069s] Level 1:colcon.colcon_core.package_identification:_identify(src/prius_sdc_pkg) by extensions ['ros']
[1.069s] Level 1:colcon.colcon_core.package_identification:_identify(src/prius_sdc_pkg) by extension 'ros'
[1.141s] DEBUG:colcon.colcon_core.package_identification:Package 'src/prius_sdc_pkg' with type 'ros.ament_python' and name 'prius_sdc_pkg'
[1.142s] Level 1:colcon.colcon_core.package_discovery:discover_packages(recursive) using defaults
[1.142s] Level 1:colcon.colcon_core.package_discovery:discover_packages(ignore) discover
[1.142s] Level 1:colcon.colcon_core.package_discovery:discover_packages(ignore) using defaults
[1.142s] Level 1:colcon.colcon_core.package_discovery:discover_packages(path) discover
[1.142s] Level 1:colcon.colcon_core.package_discovery:discover_packages(path) using defaults
[1.365s] Level 1:colcon.colcon_core.package_discovery:discover_packages(prefix_path) check parameters
[1.365s] Level 1:colcon.colcon_core.package_discovery:discover_packages(prefix_path) discover
[1.390s] DEBUG:colcon.colcon_installed_package_information.package_discovery:Found 1 installed packages in /home/aditya/self_driving_car_ws/install
[1.396s] DEBUG:colcon.colcon_installed_package_information.package_discovery:Found 263 installed packages in /opt/ros/foxy
[1.401s] Level 1:colcon.colcon_core.package_discovery:discover_packages(prefix_path) using defaults
[2.199s] Level 5:colcon.colcon_core.verb:set package 'prius_sdc_pkg' build argument 'cmake_args' from command line to 'None'
[2.200s] Level 5:colcon.colcon_core.verb:set package 'prius_sdc_pkg' build argument 'cmake_target' from command line to 'None'
[2.200s] Level 5:colcon.colcon_core.verb:set package 'prius_sdc_pkg' build argument 'cmake_target_skip_unavailable' from command line to 'False'
[2.200s] Level 5:colcon.colcon_core.verb:set package 'prius_sdc_pkg' build argument 'cmake_clean_cache' from command line to 'False'
[2.200s] Level 5:colcon.colcon_core.verb:set package 'prius_sdc_pkg' build argument 'cmake_clean_first' from command line to 'False'
[2.200s] Level 5:colcon.colcon_core.verb:set package 'prius_sdc_pkg' build argument 'cmake_force_configure' from command line to 'False'
[2.200s] Level 5:colcon.colcon_core.verb:set package 'prius_sdc_pkg' build argument 'ament_cmake_args' from command line to 'None'
[2.200s] Level 5:colcon.colcon_core.verb:set package 'prius_sdc_pkg' build argument 'catkin_cmake_args' from command line to 'None'
[2.200s] Level 5:colcon.colcon_core.verb:set package 'prius_sdc_pkg' build argument 'catkin_skip_building_tests' from command line to 'False'
[2.201s] DEBUG:colcon.colcon_core.verb:Building package 'prius_sdc_pkg' with the following arguments: {'ament_cmake_args': None, 'build_base': '/home/aditya/self_driving_car_ws/build/prius_sdc_pkg', 'catkin_cmake_args': None, 'catkin_skip_building_tests': False, 'cmake_args': None, 'cmake_clean_cache': False, 'cmake_clean_first': False, 'cmake_force_configure': False, 'cmake_target': None, 'cmake_target_skip_unavailable': False, 'install_base': '/home/aditya/self_driving_car_ws/install/prius_sdc_pkg', 'merge_install': False, 'path': '/home/aditya/self_driving_car_ws/src/prius_sdc_pkg', 'symlink_install': False, 'test_result_base': None}
[2.203s] INFO:colcon.colcon_core.executor:Executing jobs using 'parallel' executor
[2.217s] DEBUG:colcon.colcon_parallel_executor.executor.parallel:run_until_complete
[2.217s] INFO:colcon.colcon_ros.task.ament_python.build:Building ROS package in '/home/aditya/self_driving_car_ws/src/prius_sdc_pkg' with build type 'ament_python'
[2.217s] Level 1:colcon.colcon_core.shell:create_environment_hook('prius_sdc_pkg', 'ament_prefix_path')
[2.348s] INFO:colcon.colcon_core.plugin_system:Skipping extension 'colcon_core.shell.bat': Not used on non-Windows systems
[2.349s] INFO:colcon.colcon_core.shell:Creating environment hook '/home/aditya/self_driving_car_ws/install/prius_sdc_pkg/share/prius_sdc_pkg/hook/ament_prefix_path.ps1'
[2.364s] INFO:colcon.colcon_core.shell:Creating environment descriptor '/home/aditya/self_driving_car_ws/install/prius_sdc_pkg/share/prius_sdc_pkg/hook/ament_prefix_path.dsv'
[2.380s] INFO:colcon.colcon_core.shell:Creating environment hook '/home/aditya/self_driving_car_ws/install/prius_sdc_pkg/share/prius_sdc_pkg/hook/ament_prefix_path.sh'
[2.399s] INFO:colcon.colcon_core.shell:Skip shell extension 'powershell' for command environment: Not usable outside of PowerShell
[2.399s] DEBUG:colcon.colcon_core.shell:Skip shell extension 'dsv' for command environment
[2.722s] INFO:colcon.colcon_core.task.python.build:Building Python package in '/home/aditya/self_driving_car_ws/src/prius_sdc_pkg'
[2.724s] INFO:colcon.colcon_core.shell:Skip shell extension 'powershell' for command environment: Not usable outside of PowerShell
[2.724s] DEBUG:colcon.colcon_core.shell:Skip shell extension 'dsv' for command environment
[4.859s] DEBUG:colcon.colcon_core.event_handler.log_command:Invoking command in '/home/aditya/self_driving_car_ws/src/prius_sdc_pkg': PYTHONPATH=/home/aditya/self_driving_car_ws/build/prius_sdc_pkg/prefix_override:/home/aditya/self_driving_car_ws/install/prius_sdc_pkg/lib/python3.8/site-packages:${PYTHONPATH} /usr/bin/python3 setup.py egg_info --egg-base ../../build/prius_sdc_pkg build --build-base /home/aditya/self_driving_car_ws/build/prius_sdc_pkg/build install --record /home/aditya/self_driving_car_ws/build/prius_sdc_pkg/install.log --install-scripts $base/lib/prius_sdc_pkg --single-version-externally-managed
[5.550s] DEBUG:colcon.colcon_core.event_handler.log_command:Invoked command in '/home/aditya/self_driving_car_ws/src/prius_sdc_pkg' returned '0': PYTHONPATH=/home/aditya/self_driving_car_ws/build/prius_sdc_pkg/prefix_override:/home/aditya/self_driving_car_ws/install/prius_sdc_pkg/lib/python3.8/site-packages:${PYTHONPATH} /usr/bin/python3 setup.py egg_info --egg-base ../../build/prius_sdc_pkg build --build-base /home/aditya/self_driving_car_ws/build/prius_sdc_pkg/build install --record /home/aditya/self_driving_car_ws/build/prius_sdc_pkg/install.log --install-scripts $base/lib/prius_sdc_pkg --single-version-externally-managed
[5.777s] Level 1:colcon.colcon_core.environment:checking '/home/aditya/self_driving_car_ws/install/prius_sdc_pkg' for CMake module files
[5.779s] Level 1:colcon.colcon_core.environment:checking '/home/aditya/self_driving_car_ws/install/prius_sdc_pkg' for CMake config files
[5.797s] Level 1:colcon.colcon_core.environment:checking '/home/aditya/self_driving_car_ws/install/prius_sdc_pkg/lib'
[5.798s] Level 1:colcon.colcon_core.environment:checking '/home/aditya/self_driving_car_ws/install/prius_sdc_pkg/bin'
[5.798s] Level 1:colcon.colcon_core.environment:checking '/home/aditya/self_driving_car_ws/install/prius_sdc_pkg/lib/pkgconfig/prius_sdc_pkg.pc'
[5.799s] Level 1:colcon.colcon_core.environment:checking '/home/aditya/self_driving_car_ws/install/prius_sdc_pkg/lib/python3.8/site-packages'
[5.800s] Level 1:colcon.colcon_core.shell:create_environment_hook('prius_sdc_pkg', 'pythonpath')
[5.805s] INFO:colcon.colcon_core.shell:Creating environment hook '/home/aditya/self_driving_car_ws/install/prius_sdc_pkg/share/prius_sdc_pkg/hook/pythonpath.ps1'
[5.806s] INFO:colcon.colcon_core.shell:Creating environment descriptor '/home/aditya/self_driving_car_ws/install/prius_sdc_pkg/share/prius_sdc_pkg/hook/pythonpath.dsv'
[5.807s] INFO:colcon.colcon_core.shell:Creating environment hook '/home/aditya/self_driving_car_ws/install/prius_sdc_pkg/share/prius_sdc_pkg/hook/pythonpath.sh'
[5.809s] Level 1:colcon.colcon_core.environment:checking '/home/aditya/self_driving_car_ws/install/prius_sdc_pkg/bin'
[5.809s] Level 1:colcon.colcon_core.environment:create_environment_scripts_only(prius_sdc_pkg)
[5.814s] INFO:colcon.colcon_core.shell:Creating package script '/home/aditya/self_driving_car_ws/install/prius_sdc_pkg/share/prius_sdc_pkg/package.ps1'
[5.833s] INFO:colcon.colcon_core.shell:Creating package descriptor '/home/aditya/self_driving_car_ws/install/prius_sdc_pkg/share/prius_sdc_pkg/package.dsv'
[5.849s] INFO:colcon.colcon_core.shell:Creating package script '/home/aditya/self_driving_car_ws/install/prius_sdc_pkg/share/prius_sdc_pkg/package.sh'
[5.851s] INFO:colcon.colcon_core.shell:Creating package script '/home/aditya/self_driving_car_ws/install/prius_sdc_pkg/share/prius_sdc_pkg/package.bash'
[5.881s] INFO:colcon.colcon_core.shell:Creating package script '/home/aditya/self_driving_car_ws/install/prius_sdc_pkg/share/prius_sdc_pkg/package.zsh'
[5.896s] Level 1:colcon.colcon_core.environment:create_file_with_runtime_dependencies(/home/aditya/self_driving_car_ws/install/prius_sdc_pkg/share/colcon-core/packages/prius_sdc_pkg)
[5.897s] DEBUG:colcon.colcon_parallel_executor.executor.parallel:closing loop
[5.899s] DEBUG:colcon.colcon_parallel_executor.executor.parallel:loop closed
[5.899s] DEBUG:colcon.colcon_parallel_executor.executor.parallel:run_until_complete finished with '0'
[5.899s] DEBUG:colcon.colcon_core.event_reactor:joining thread
[5.967s] INFO:colcon.colcon_core.plugin_system:Skipping extension 'colcon_notification.desktop_notification.terminal_notifier': Not used on non-Darwin systems
[5.968s] INFO:colcon.colcon_core.plugin_system:Skipping extension 'colcon_notification.desktop_notification.win32': Not used on non-Windows systems
[5.968s] INFO:colcon.colcon_notification.desktop_notification:Sending desktop notification using 'notify2'
[6.017s] DEBUG:colcon.colcon_core.event_reactor:joined thread
[6.019s] INFO:colcon.colcon_core.shell:Creating prefix script '/home/aditya/self_driving_car_ws/install/local_setup.ps1'
[6.067s] INFO:colcon.colcon_core.shell:Creating prefix util module '/home/aditya/self_driving_car_ws/install/_local_setup_util_ps1.py'
[6.091s] INFO:colcon.colcon_core.shell:Creating prefix chain script '/home/aditya/self_driving_car_ws/install/setup.ps1'
[6.093s] INFO:colcon.colcon_core.shell:Creating prefix script '/home/aditya/self_driving_car_ws/install/local_setup.sh'
[6.093s] INFO:colcon.colcon_core.shell:Creating prefix util module '/home/aditya/self_driving_car_ws/install/_local_setup_util_sh.py'
[6.094s] INFO:colcon.colcon_core.shell:Creating prefix chain script '/home/aditya/self_driving_car_ws/install/setup.sh'
[6.095s] INFO:colcon.colcon_core.shell:Creating prefix script '/home/aditya/self_driving_car_ws/install/local_setup.bash'
[6.095s] INFO:colcon.colcon_core.shell:Creating prefix chain script '/home/aditya/self_driving_car_ws/install/setup.bash'
[6.096s] INFO:colcon.colcon_core.shell:Creating prefix script '/home/aditya/self_driving_car_ws/install/local_setup.zsh'
[6.097s] INFO:colcon.colcon_core.shell:Creating prefix chain script '/home/aditya/self_driving_car_ws/install/setup.zsh'
