[1.276s] Invoking command in '/home/aditya/self_driving_car_ws/src/prius_sdc_pkg': PYTHONPATH=/home/aditya/self_driving_car_ws/build/prius_sdc_pkg/prefix_override:/home/aditya/self_driving_car_ws/install/prius_sdc_pkg/lib/python3.8/site-packages:${PYTHONPATH} /usr/bin/python3 setup.py egg_info --egg-base ../../build/prius_sdc_pkg build --build-base /home/aditya/self_driving_car_ws/build/prius_sdc_pkg/build install --record /home/aditya/self_driving_car_ws/build/prius_sdc_pkg/install.log --install-scripts $base/lib/prius_sdc_pkg --single-version-externally-managed
[1.698s] running egg_info
[1.698s] writing ../../build/prius_sdc_pkg/prius_sdc_pkg.egg-info/PKG-INFO
[1.699s] writing dependency_links to ../../build/prius_sdc_pkg/prius_sdc_pkg.egg-info/dependency_links.txt
[1.701s] writing entry points to ../../build/prius_sdc_pkg/prius_sdc_pkg.egg-info/entry_points.txt
[1.702s] writing requirements to ../../build/prius_sdc_pkg/prius_sdc_pkg.egg-info/requires.txt
[1.702s] writing top-level names to ../../build/prius_sdc_pkg/prius_sdc_pkg.egg-info/top_level.txt
[1.760s] reading manifest file '../../build/prius_sdc_pkg/prius_sdc_pkg.egg-info/SOURCES.txt'
[1.761s] writing manifest file '../../build/prius_sdc_pkg/prius_sdc_pkg.egg-info/SOURCES.txt'
[1.762s] running build
[1.762s] running build_py
[1.762s] copying prius_sdc_pkg/computer_vision_node.py -> /home/aditya/self_driving_car_ws/build/prius_sdc_pkg/build/lib/prius_sdc_pkg
[1.767s] running install
[1.771s] running install_lib
[1.773s] copying /home/aditya/self_driving_car_ws/build/prius_sdc_pkg/build/lib/prius_sdc_pkg/computer_vision_node.py -> /home/aditya/self_driving_car_ws/install/prius_sdc_pkg/lib/python3.8/site-packages/prius_sdc_pkg
[1.774s] byte-compiling /home/aditya/self_driving_car_ws/install/prius_sdc_pkg/lib/python3.8/site-packages/prius_sdc_pkg/computer_vision_node.py to computer_vision_node.cpython-38.pyc
[1.776s] running install_data
[1.776s] running install_egg_info
[1.778s] removing '/home/aditya/self_driving_car_ws/install/prius_sdc_pkg/lib/python3.8/site-packages/prius_sdc_pkg-0.0.0-py3.8.egg-info' (and everything under it)
[1.778s] Copying ../../build/prius_sdc_pkg/prius_sdc_pkg.egg-info to /home/aditya/self_driving_car_ws/install/prius_sdc_pkg/lib/python3.8/site-packages/prius_sdc_pkg-0.0.0-py3.8.egg-info
[1.782s] running install_scripts
[1.819s] Installing computer_vision_node script to /home/aditya/self_driving_car_ws/install/prius_sdc_pkg/lib/prius_sdc_pkg
[1.820s] Installing driver_node script to /home/aditya/self_driving_car_ws/install/prius_sdc_pkg/lib/prius_sdc_pkg
[1.820s] Installing recorder_node script to /home/aditya/self_driving_car_ws/install/prius_sdc_pkg/lib/prius_sdc_pkg
[1.820s] Installing spawner_node script to /home/aditya/self_driving_car_ws/install/prius_sdc_pkg/lib/prius_sdc_pkg
[1.821s] writing list of installed files to '/home/aditya/self_driving_car_ws/build/prius_sdc_pkg/install.log'
[1.873s] Invoked command in '/home/aditya/self_driving_car_ws/src/prius_sdc_pkg' returned '0': PYTHONPATH=/home/aditya/self_driving_car_ws/build/prius_sdc_pkg/prefix_override:/home/aditya/self_driving_car_ws/install/prius_sdc_pkg/lib/python3.8/site-packages:${PYTHONPATH} /usr/bin/python3 setup.py egg_info --egg-base ../../build/prius_sdc_pkg build --build-base /home/aditya/self_driving_car_ws/build/prius_sdc_pkg/build install --record /home/aditya/self_driving_car_ws/build/prius_sdc_pkg/install.log --install-scripts $base/lib/prius_sdc_pkg --single-version-externally-managed
